#
# There is insufficient memory for the Java Runtime Environment to continue.
# Native memory allocation (malloc) failed to allocate 2173136 bytes for Chunk::new
# Possible reasons:
#   The system is out of physical RAM or swap space
#   The process is running with CompressedOops enabled, and the Java Heap may be blocking the growth of the native heap
# Possible solutions:
#   Reduce memory load on the system
#   Increase physical memory or swap space
#   Check if swap backing store is full
#   Decrease Java heap size (-Xmx/-Xms)
#   Decrease number of Java threads
#   Decrease Java thread stack sizes (-Xss)
#   Set larger code cache with -XX:ReservedCodeCacheSize=
#   JVM is running with Unscaled Compressed Oops mode in which the Java heap is
#     placed in the first 4GB address space. The Java Heap base address is the
#     maximum limit for the native heap growth. Please use -XX:HeapBaseMinAddress
#     to set the Java Heap base and to place the Java Heap above 4GB virtual address.
# This output file may be truncated or incomplete.
#
#  Out of Memory Error (./src/hotspot/share/memory/arena.cpp:197), pid=15524, tid=10476
#
# JRE version: OpenJDK Runtime Environment (11.0.12+7) (build 11.0.12+7-b1504.28-7817840)
# Java VM: OpenJDK 64-Bit Server VM (11.0.12+7-b1504.28-7817840, mixed mode, tiered, compressed oops, g1 gc, windows-amd64)
# No core dump will be written. Minidumps are not enabled by default on client versions of Windows
#

---------------  S U M M A R Y ------------

Command Line: --add-opens=java.base/java.util=ALL-UNNAMED --add-opens=java.base/java.lang=ALL-UNNAMED --add-opens=java.base/java.lang.invoke=ALL-UNNAMED --add-opens=java.base/java.util=ALL-UNNAMED --add-opens=java.prefs/java.util.prefs=ALL-UNNAMED --add-opens=java.prefs/java.util.prefs=ALL-UNNAMED --add-opens=java.base/java.nio.charset=ALL-UNNAMED --add-opens=java.base/java.net=ALL-UNNAMED --add-opens=java.base/java.util.concurrent.atomic=ALL-UNNAMED -Xmx2048m -Dfile.encoding=UTF-8 -Duser.country=US -Duser.language=en -Duser.variant org.gradle.launcher.daemon.bootstrap.GradleDaemon 7.3.3

Host: AMD Ryzen 5 4600H with Radeon Graphics         , 12 cores, 7G,  Windows 10 , 64 bit Build 19041 (10.0.19041.1889)
Time: Fri Oct 14 09:47:07 2022 SE Asia Standard Time elapsed time: 13.692764 seconds (0d 0h 0m 13s)

---------------  T H R E A D  ---------------

Current thread (0x000001c3a7735000):  JavaThread "C2 CompilerThread0" daemon [_thread_in_native, id=10476, stack(0x00000004a0400000,0x00000004a0500000)]


Current CompileTask:
C2:  13693 6222       4       java.util.Arrays::binarySearch0 (95 bytes)

Stack: [0x00000004a0400000,0x00000004a0500000]
Native frames: (J=compiled Java code, j=interpreted, Vv=VM code, C=native code)
V  [jvm.dll+0x5fbcea]
V  [jvm.dll+0x731905]
V  [jvm.dll+0x732f1d]
V  [jvm.dll+0x7335d3]
V  [jvm.dll+0x247bf8]
V  [jvm.dll+0xc018c]
V  [jvm.dll+0xc06cc]
V  [jvm.dll+0x35b2db]
V  [jvm.dll+0x328803]
V  [jvm.dll+0x327cfa]
V  [jvm.dll+0x200602]
V  [jvm.dll+0x1ff794]
V  [jvm.dll+0x18868c]
V  [jvm.dll+0x20e0d7]
V  [jvm.dll+0x20c901]
V  [jvm.dll+0x6f9b7f]
V  [jvm.dll+0x6f26a5]
V  [jvm.dll+0x5fabf6]
C  [ucrtbase.dll+0x21bb2]
C  [KERNEL32.DLL+0x17034]
C  [ntdll.dll+0x526a1]


---------------  P R O C E S S  ---------------

Threads class SMR info:
_java_thread_list=0x000001c3aa483240, length=166, elements={
0x000001c38ce54800, 0x000001c3a7711000, 0x000001c3a771e000, 0x000001c3a772f000,
0x000001c3a7730000, 0x000001c3a7732000, 0x000001c3a7735000, 0x000001c3a7740000,
0x000001c3a7748000, 0x000001c3a81f5800, 0x000001c3a81f2000, 0x000001c3a81f6800,
0x000001c3a81f3000, 0x000001c3a81f4800, 0x000001c3a81f7000, 0x000001c3a81f8000,
0x000001c3a81f8800, 0x000001c3a81f4000, 0x000001c3aa007000, 0x000001c3aa008800,
0x000001c3aa00a800, 0x000001c3aa00d000, 0x000001c3aa00d800, 0x000001c3aa00c000,
0x000001c3aa009800, 0x000001c3aa008000, 0x000001c3aa00e800, 0x000001c3aa00f000,
0x000001c3aa010000, 0x000001c3aa011000, 0x000001c3aa015000, 0x000001c3aa011800,
0x000001c3aa016000, 0x000001c3acaf6000, 0x000001c3acafa000, 0x000001c3acaf7000,
0x000001c3acaf7800, 0x000001c3acaf4800, 0x000001c3acaf8800, 0x000001c3acaf9000,
0x000001c3acafb000, 0x000001c3acaf5000, 0x000001c3ac5c5000, 0x000001c3ac5c6000,
0x000001c3ac5c7800, 0x000001c3ac5c9000, 0x000001c3ac5c6800, 0x000001c3ac5c8000,
0x000001c3ac5ca000, 0x000001c3ac5c4000, 0x000001c3ac5cb800, 0x000001c3ac5cf800,
0x000001c3ac5d0800, 0x000001c3ac5ca800, 0x000001c3ac5ce000, 0x000001c3ac5d1000,
0x000001c3ac5d2000, 0x000001c3ac5cc800, 0x000001c3ac5cf000, 0x000001c3ac5d3000,
0x000001c3ac5cd000, 0x000001c3acc95800, 0x000001c3acc97000, 0x000001c3acc93000,
0x000001c3acc96000, 0x000001c3acc93800, 0x000001c3acc94800, 0x000001c3acc91000,
0x000001c3acc98000, 0x000001c3acc92000, 0x000001c3acc9c800, 0x000001c3acc9c000,
0x000001c3acc99800, 0x000001c3acc9d800, 0x000001c3acc9e800, 0x000001c3acc98800,
0x000001c3acc9f000, 0x000001c3acca0000, 0x000001c3acc9a000, 0x000001c3acc9b000,
0x000001c3acb9c800, 0x000001c3acb98000, 0x000001c3acb9e000, 0x000001c3acb99000,
0x000001c3acb9e800, 0x000001c3acb9f800, 0x000001c3acb9d000, 0x000001c3acb9a000,
0x000001c3acb9b800, 0x000001c3acba0800, 0x000001c3acb9a800, 0x000001c3acba4800,
0x000001c3acba1000, 0x000001c3acba2000, 0x000001c3acba3000, 0x000001c3acba3800,
0x000001c3acba5000, 0x000001c3acba6000, 0x000001c3acba7000, 0x000001c3aca72000,
0x000001c3aca73800, 0x000001c3aca71000, 0x000001c3aca74800, 0x000001c3aca72800,
0x000001c3aca75000, 0x000001c3aca6f800, 0x000001c3aca76000, 0x000001c3aca70000,
0x000001c3aca76800, 0x000001c3aca79000, 0x000001c3aca7a000, 0x000001c3aca7d800,
0x000001c3aca7b000, 0x000001c3aca77800, 0x000001c3aca7b800, 0x000001c3aca7e000,
0x000001c3aca78800, 0x000001c3aca7c800, 0x000001c3acb13800, 0x000001c3acb13000,
0x000001c3acb0f800, 0x000001c3acb11000, 0x000001c3acb0e800, 0x000001c3acb10800,
0x000001c3acb12000, 0x000001c3acb0e000, 0x000001c3acb1a000, 0x000001c3acb18800,
0x000001c3acb14800, 0x000001c3acb1b000, 0x000001c3acb17000, 0x000001c3acb15000,
0x000001c3acb1c000, 0x000001c3acb19800, 0x000001c3acb16000, 0x000001c3acb1c800,
0x000001c3acb17800, 0x000001c3acb20800, 0x000001c3acb21000, 0x000001c3acb1f800,
0x000001c3acb22000, 0x000001c3acb23800, 0x000001c3acb23000, 0x000001c3acb1e000,
0x000001c3acb24800, 0x000001c3acb1e800, 0x000001c3acb2b000, 0x000001c3acb27000,
0x000001c3acb26000, 0x000001c3acb25800, 0x000001c3acb28800, 0x000001c3acb2c000,
0x000001c3acb29800, 0x000001c3acb2c800, 0x000001c3acb2a000, 0x000001c3acb27800,
0x000001c3acec1000, 0x000001c3acebb800, 0x000001c3acebf800, 0x000001c3acec0000,
0x000001c3acebc000, 0x000001c3acebe800, 0x000001c3acec2800, 0x000001c3acebe000,
0x000001c3acec2000, 0x000001c3acebd000
}

Java Threads: ( => current thread )
  0x000001c38ce54800 JavaThread "main" [_thread_blocked, id=1652, stack(0x000000049f800000,0x000000049f900000)]
  0x000001c3a7711000 JavaThread "Reference Handler" daemon [_thread_blocked, id=8804, stack(0x000000049ff00000,0x00000004a0000000)]
  0x000001c3a771e000 JavaThread "Finalizer" daemon [_thread_blocked, id=4608, stack(0x00000004a0000000,0x00000004a0100000)]
  0x000001c3a772f000 JavaThread "Signal Dispatcher" daemon [_thread_blocked, id=14452, stack(0x00000004a0100000,0x00000004a0200000)]
  0x000001c3a7730000 JavaThread "Attach Listener" daemon [_thread_blocked, id=4008, stack(0x00000004a0200000,0x00000004a0300000)]
  0x000001c3a7732000 JavaThread "Service Thread" daemon [_thread_blocked, id=10100, stack(0x00000004a0300000,0x00000004a0400000)]
=>0x000001c3a7735000 JavaThread "C2 CompilerThread0" daemon [_thread_in_native, id=10476, stack(0x00000004a0400000,0x00000004a0500000)]
  0x000001c3a7740000 JavaThread "C1 CompilerThread0" daemon [_thread_blocked, id=16100, stack(0x00000004a0500000,0x00000004a0600000)]
  0x000001c3a7748000 JavaThread "Sweeper thread" daemon [_thread_blocked, id=17380, stack(0x00000004a0600000,0x00000004a0700000)]
  0x000001c3a81f5800 JavaThread "Common-Cleaner" daemon [_thread_blocked, id=11812, stack(0x00000004a0700000,0x00000004a0800000)]
  0x000001c3a81f2000 JavaThread "Daemon health stats" [_thread_blocked, id=16428, stack(0x00000004a0a00000,0x00000004a0b00000)]
  0x000001c3a81f6800 JavaThread "Incoming local TCP Connector on port 50394" [_thread_in_native, id=9512, stack(0x00000004a0b00000,0x00000004a0c00000)]
  0x000001c3a81f3000 JavaThread "Daemon periodic checks" [_thread_blocked, id=18072, stack(0x00000004a0c00000,0x00000004a0d00000)]
  0x000001c3a81f4800 JavaThread "Daemon" [_thread_blocked, id=13812, stack(0x00000004a0d00000,0x00000004a0e00000)]
  0x000001c3a81f7000 JavaThread "Handler for socket connection from /127.0.0.1:50394 to /127.0.0.1:50395" [_thread_in_native, id=13068, stack(0x00000004a0e00000,0x00000004a0f00000)]
  0x000001c3a81f8000 JavaThread "Cancel handler" [_thread_blocked, id=17020, stack(0x00000004a0f00000,0x00000004a1000000)]
  0x000001c3a81f8800 JavaThread "Daemon worker" [_thread_blocked, id=6284, stack(0x00000004a1000000,0x00000004a1100000)]
  0x000001c3a81f4000 JavaThread "Asynchronous log dispatcher for DefaultDaemonConnection: socket connection from /127.0.0.1:50394 to /127.0.0.1:50395" [_thread_blocked, id=17688, stack(0x00000004a1100000,0x00000004a1200000)]
  0x000001c3aa007000 JavaThread "Stdin handler" [_thread_blocked, id=5716, stack(0x00000004a1200000,0x00000004a1300000)]
  0x000001c3aa008800 JavaThread "Daemon client event forwarder" [_thread_blocked, id=6928, stack(0x00000004a1300000,0x00000004a1400000)]
  0x000001c3aa00a800 JavaThread "Cache worker for journal cache (C:\Users\ADMIN\.gradle\caches\journal-1)" [_thread_blocked, id=15088, stack(0x00000004a1d00000,0x00000004a1e00000)]
  0x000001c3aa00d000 JavaThread "File lock request listener" [_thread_in_native, id=684, stack(0x00000004a1e00000,0x00000004a1f00000)]
  0x000001c3aa00d800 JavaThread "Cache worker for file hash cache (C:\Users\ADMIN\.gradle\caches\7.3.3\fileHashes)" [_thread_blocked, id=8808, stack(0x00000004a1f00000,0x00000004a2000000)]
  0x000001c3aa00c000 JavaThread "Cache worker for file hash cache (D:\JavaAndroid\sidemenu\.gradle\7.3.3\fileHashes)" [_thread_blocked, id=4044, stack(0x00000004a2200000,0x00000004a2300000)]
  0x000001c3aa009800 JavaThread "File watcher server" daemon [_thread_in_native, id=10320, stack(0x00000004a2300000,0x00000004a2400000)]
  0x000001c3aa008000 JavaThread "File watcher consumer" daemon [_thread_blocked, id=11996, stack(0x00000004a2400000,0x00000004a2500000)]
  0x000001c3aa00e800 JavaThread "Cache worker for checksums cache (D:\JavaAndroid\sidemenu\.gradle\7.3.3\checksums)" [_thread_blocked, id=9072, stack(0x00000004a2500000,0x00000004a2600000)]
  0x000001c3aa00f000 JavaThread "Cache worker for cache directory md-supplier (C:\Users\ADMIN\.gradle\caches\7.3.3\md-supplier)" [_thread_blocked, id=16140, stack(0x00000004a2600000,0x00000004a2700000)]
  0x000001c3aa010000 JavaThread "Cache worker for cache directory md-rule (C:\Users\ADMIN\.gradle\caches\7.3.3\md-rule)" [_thread_blocked, id=9592, stack(0x00000004a2700000,0x00000004a2800000)]
  0x000001c3aa011000 JavaThread "Cache worker for execution history cache (C:\Users\ADMIN\.gradle\caches\7.3.3\executionHistory)" [_thread_blocked, id=17976, stack(0x00000004a2800000,0x00000004a2900000)]
  0x000001c3aa015000 JavaThread "jar transforms" [_thread_blocked, id=12756, stack(0x00000004a2900000,0x00000004a2a00000)]
  0x000001c3aa011800 JavaThread "Cache worker for file content cache (C:\Users\ADMIN\.gradle\caches\7.3.3\fileContent)" [_thread_blocked, id=5744, stack(0x00000004a2a00000,0x00000004a2b00000)]
  0x000001c3aa016000 JavaThread "jar transforms Thread 2" [_thread_blocked, id=15856, stack(0x00000004a2b00000,0x00000004a2c00000)]
  0x000001c3acaf6000 JavaThread "Cache worker for dependencies-accessors (D:\JavaAndroid\sidemenu\.gradle\7.3.3\dependencies-accessors)" [_thread_blocked, id=5320, stack(0x00000004a2c00000,0x00000004a2d00000)]
  0x000001c3acafa000 JavaThread "jar transforms Thread 3" [_thread_blocked, id=16156, stack(0x00000004a2d00000,0x00000004a2e00000)]
  0x000001c3acaf7000 JavaThread "Cache worker for Build Output Cleanup Cache (D:\JavaAndroid\sidemenu\.gradle\buildOutputCleanup)" [_thread_blocked, id=10672, stack(0x00000004a2e00000,0x00000004a2f00000)]
  0x000001c3acaf7800 JavaThread "Unconstrained build operations" [_thread_blocked, id=1180, stack(0x00000004a2f00000,0x00000004a3000000)]
  0x000001c3acaf4800 JavaThread "Unconstrained build operations Thread 2" [_thread_blocked, id=18380, stack(0x00000004a3000000,0x00000004a3100000)]
  0x000001c3acaf8800 JavaThread "Unconstrained build operations Thread 3" [_thread_blocked, id=15408, stack(0x00000004a3100000,0x00000004a3200000)]
  0x000001c3acaf9000 JavaThread "Unconstrained build operations Thread 4" [_thread_blocked, id=15864, stack(0x00000004a3200000,0x00000004a3300000)]
  0x000001c3acafb000 JavaThread "Unconstrained build operations Thread 5" [_thread_blocked, id=11980, stack(0x00000004a3300000,0x00000004a3400000)]
  0x000001c3acaf5000 JavaThread "Unconstrained build operations Thread 6" [_thread_blocked, id=3912, stack(0x00000004a3400000,0x00000004a3500000)]
  0x000001c3ac5c5000 JavaThread "Unconstrained build operations Thread 7" [_thread_blocked, id=13168, stack(0x00000004a3500000,0x00000004a3600000)]
  0x000001c3ac5c6000 JavaThread "Unconstrained build operations Thread 8" [_thread_blocked, id=16020, stack(0x00000004a3600000,0x00000004a3700000)]
  0x000001c3ac5c7800 JavaThread "Unconstrained build operations Thread 9" [_thread_blocked, id=7384, stack(0x00000004a3700000,0x00000004a3800000)]
  0x000001c3ac5c9000 JavaThread "Unconstrained build operations Thread 10" [_thread_blocked, id=9932, stack(0x00000004a3800000,0x00000004a3900000)]
  0x000001c3ac5c6800 JavaThread "Unconstrained build operations Thread 11" [_thread_blocked, id=16504, stack(0x00000004a3900000,0x00000004a3a00000)]
  0x000001c3ac5c8000 JavaThread "Unconstrained build operations Thread 12" [_thread_blocked, id=3312, stack(0x00000004a3a00000,0x00000004a3b00000)]
  0x000001c3ac5ca000 JavaThread "Unconstrained build operations Thread 13" [_thread_blocked, id=2816, stack(0x00000004a3b00000,0x00000004a3c00000)]
  0x000001c3ac5c4000 JavaThread "Unconstrained build operations Thread 14" [_thread_blocked, id=11732, stack(0x00000004a3c00000,0x00000004a3d00000)]
  0x000001c3ac5cb800 JavaThread "Unconstrained build operations Thread 15" [_thread_blocked, id=14788, stack(0x00000004a3d00000,0x00000004a3e00000)]
  0x000001c3ac5cf800 JavaThread "Unconstrained build operations Thread 16" [_thread_blocked, id=6528, stack(0x00000004a3e00000,0x00000004a3f00000)]
  0x000001c3ac5d0800 JavaThread "Unconstrained build operations Thread 17" [_thread_blocked, id=15844, stack(0x00000004a3f00000,0x00000004a4000000)]
  0x000001c3ac5ca800 JavaThread "Unconstrained build operations Thread 18" [_thread_blocked, id=8784, stack(0x00000004a4000000,0x00000004a4100000)]
  0x000001c3ac5ce000 JavaThread "Unconstrained build operations Thread 19" [_thread_blocked, id=3436, stack(0x00000004a4100000,0x00000004a4200000)]
  0x000001c3ac5d1000 JavaThread "Unconstrained build operations Thread 20" [_thread_blocked, id=7652, stack(0x00000004a4200000,0x00000004a4300000)]
  0x000001c3ac5d2000 JavaThread "Unconstrained build operations Thread 21" [_thread_blocked, id=4436, stack(0x00000004a4300000,0x00000004a4400000)]
  0x000001c3ac5cc800 JavaThread "Unconstrained build operations Thread 22" [_thread_blocked, id=6192, stack(0x00000004a4400000,0x00000004a4500000)]
  0x000001c3ac5cf000 JavaThread "Unconstrained build operations Thread 23" [_thread_blocked, id=5056, stack(0x00000004a4500000,0x00000004a4600000)]
  0x000001c3ac5d3000 JavaThread "Unconstrained build operations Thread 24" [_thread_blocked, id=6260, stack(0x00000004a4600000,0x00000004a4700000)]
  0x000001c3ac5cd000 JavaThread "Unconstrained build operations Thread 25" [_thread_blocked, id=12932, stack(0x00000004a4700000,0x00000004a4800000)]
  0x000001c3acc95800 JavaThread "Unconstrained build operations Thread 26" [_thread_blocked, id=14836, stack(0x00000004a4800000,0x00000004a4900000)]
  0x000001c3acc97000 JavaThread "Unconstrained build operations Thread 27" [_thread_blocked, id=10780, stack(0x00000004a4900000,0x00000004a4a00000)]
  0x000001c3acc93000 JavaThread "Unconstrained build operations Thread 28" [_thread_blocked, id=13604, stack(0x00000004a4a00000,0x00000004a4b00000)]
  0x000001c3acc96000 JavaThread "Unconstrained build operations Thread 29" [_thread_blocked, id=5896, stack(0x00000004a4b00000,0x00000004a4c00000)]
  0x000001c3acc93800 JavaThread "Unconstrained build operations Thread 30" [_thread_blocked, id=8880, stack(0x00000004a4c00000,0x00000004a4d00000)]
  0x000001c3acc94800 JavaThread "Unconstrained build operations Thread 31" [_thread_blocked, id=18260, stack(0x00000004a4d00000,0x00000004a4e00000)]
  0x000001c3acc91000 JavaThread "Unconstrained build operations Thread 32" [_thread_blocked, id=14424, stack(0x00000004a4e00000,0x00000004a4f00000)]
  0x000001c3acc98000 JavaThread "Unconstrained build operations Thread 33" [_thread_blocked, id=11608, stack(0x00000004a4f00000,0x00000004a5000000)]
  0x000001c3acc92000 JavaThread "Unconstrained build operations Thread 34" [_thread_blocked, id=2112, stack(0x00000004a5000000,0x00000004a5100000)]
  0x000001c3acc9c800 JavaThread "Unconstrained build operations Thread 35" [_thread_blocked, id=18376, stack(0x00000004a5100000,0x00000004a5200000)]
  0x000001c3acc9c000 JavaThread "Unconstrained build operations Thread 36" [_thread_blocked, id=15652, stack(0x00000004a5200000,0x00000004a5300000)]
  0x000001c3acc99800 JavaThread "Unconstrained build operations Thread 37" [_thread_blocked, id=15084, stack(0x00000004a5300000,0x00000004a5400000)]
  0x000001c3acc9d800 JavaThread "Unconstrained build operations Thread 38" [_thread_blocked, id=9328, stack(0x00000004a5400000,0x00000004a5500000)]
  0x000001c3acc9e800 JavaThread "Unconstrained build operations Thread 39" [_thread_blocked, id=17228, stack(0x00000004a5500000,0x00000004a5600000)]
  0x000001c3acc98800 JavaThread "Unconstrained build operations Thread 40" [_thread_blocked, id=13000, stack(0x00000004a5600000,0x00000004a5700000)]
  0x000001c3acc9f000 JavaThread "Unconstrained build operations Thread 41" [_thread_blocked, id=11508, stack(0x00000004a5700000,0x00000004a5800000)]
  0x000001c3acca0000 JavaThread "Unconstrained build operations Thread 42" [_thread_blocked, id=11428, stack(0x00000004a5800000,0x00000004a5900000)]
  0x000001c3acc9a000 JavaThread "Unconstrained build operations Thread 43" [_thread_blocked, id=16856, stack(0x00000004a5900000,0x00000004a5a00000)]
  0x000001c3acc9b000 JavaThread "Unconstrained build operations Thread 44" [_thread_blocked, id=15476, stack(0x00000004a5a00000,0x00000004a5b00000)]
  0x000001c3acb9c800 JavaThread "Unconstrained build operations Thread 45" [_thread_blocked, id=10028, stack(0x00000004a5b00000,0x00000004a5c00000)]
  0x000001c3acb98000 JavaThread "Unconstrained build operations Thread 46" [_thread_blocked, id=16260, stack(0x00000004a5c00000,0x00000004a5d00000)]
  0x000001c3acb9e000 JavaThread "Unconstrained build operations Thread 47" [_thread_blocked, id=2228, stack(0x00000004a5d00000,0x00000004a5e00000)]
  0x000001c3acb99000 JavaThread "Unconstrained build operations Thread 48" [_thread_blocked, id=12760, stack(0x00000004a5e00000,0x00000004a5f00000)]
  0x000001c3acb9e800 JavaThread "Unconstrained build operations Thread 49" [_thread_blocked, id=17220, stack(0x00000004a5f00000,0x00000004a6000000)]
  0x000001c3acb9f800 JavaThread "Unconstrained build operations Thread 50" [_thread_blocked, id=13200, stack(0x00000004a6000000,0x00000004a6100000)]
  0x000001c3acb9d000 JavaThread "Unconstrained build operations Thread 51" [_thread_blocked, id=17360, stack(0x00000004a6100000,0x00000004a6200000)]
  0x000001c3acb9a000 JavaThread "Unconstrained build operations Thread 52" [_thread_blocked, id=8528, stack(0x00000004a6200000,0x00000004a6300000)]
  0x000001c3acb9b800 JavaThread "Unconstrained build operations Thread 53" [_thread_blocked, id=6232, stack(0x00000004a6300000,0x00000004a6400000)]
  0x000001c3acba0800 JavaThread "Unconstrained build operations Thread 54" [_thread_blocked, id=12892, stack(0x00000004a6400000,0x00000004a6500000)]
  0x000001c3acb9a800 JavaThread "Unconstrained build operations Thread 55" [_thread_blocked, id=12276, stack(0x00000004a6500000,0x00000004a6600000)]
  0x000001c3acba4800 JavaThread "Unconstrained build operations Thread 56" [_thread_blocked, id=11396, stack(0x00000004a6600000,0x00000004a6700000)]
  0x000001c3acba1000 JavaThread "Unconstrained build operations Thread 57" [_thread_blocked, id=12956, stack(0x00000004a6700000,0x00000004a6800000)]
  0x000001c3acba2000 JavaThread "Unconstrained build operations Thread 58" [_thread_blocked, id=7288, stack(0x00000004a6800000,0x00000004a6900000)]
  0x000001c3acba3000 JavaThread "Unconstrained build operations Thread 59" [_thread_blocked, id=18372, stack(0x00000004a6900000,0x00000004a6a00000)]
  0x000001c3acba3800 JavaThread "Unconstrained build operations Thread 60" [_thread_blocked, id=9644, stack(0x00000004a6a00000,0x00000004a6b00000)]
  0x000001c3acba5000 JavaThread "Unconstrained build operations Thread 61" [_thread_blocked, id=3908, stack(0x00000004a6b00000,0x00000004a6c00000)]
  0x000001c3acba6000 JavaThread "Unconstrained build operations Thread 62" [_thread_blocked, id=2260, stack(0x00000004a6c00000,0x00000004a6d00000)]
  0x000001c3acba7000 JavaThread "Unconstrained build operations Thread 63" [_thread_blocked, id=6480, stack(0x00000004a6d00000,0x00000004a6e00000)]
  0x000001c3aca72000 JavaThread "Unconstrained build operations Thread 64" [_thread_blocked, id=16488, stack(0x00000004a6e00000,0x00000004a6f00000)]
  0x000001c3aca73800 JavaThread "Unconstrained build operations Thread 65" [_thread_blocked, id=15608, stack(0x00000004a6f00000,0x00000004a7000000)]
  0x000001c3aca71000 JavaThread "Unconstrained build operations Thread 66" [_thread_blocked, id=13708, stack(0x00000004a7000000,0x00000004a7100000)]
  0x000001c3aca74800 JavaThread "Unconstrained build operations Thread 67" [_thread_blocked, id=12336, stack(0x00000004a7100000,0x00000004a7200000)]
  0x000001c3aca72800 JavaThread "Unconstrained build operations Thread 68" [_thread_blocked, id=7808, stack(0x00000004a7200000,0x00000004a7300000)]
  0x000001c3aca75000 JavaThread "Unconstrained build operations Thread 69" [_thread_blocked, id=4716, stack(0x00000004a7300000,0x00000004a7400000)]
  0x000001c3aca6f800 JavaThread "Unconstrained build operations Thread 70" [_thread_blocked, id=17544, stack(0x00000004a7400000,0x00000004a7500000)]
  0x000001c3aca76000 JavaThread "Unconstrained build operations Thread 71" [_thread_blocked, id=1488, stack(0x00000004a7500000,0x00000004a7600000)]
  0x000001c3aca70000 JavaThread "Unconstrained build operations Thread 72" [_thread_blocked, id=17344, stack(0x00000004a7600000,0x00000004a7700000)]
  0x000001c3aca76800 JavaThread "Unconstrained build operations Thread 73" [_thread_blocked, id=13408, stack(0x00000004a7700000,0x00000004a7800000)]
  0x000001c3aca79000 JavaThread "Unconstrained build operations Thread 74" [_thread_blocked, id=8212, stack(0x00000004a7800000,0x00000004a7900000)]
  0x000001c3aca7a000 JavaThread "Unconstrained build operations Thread 75" [_thread_blocked, id=10696, stack(0x00000004a7900000,0x00000004a7a00000)]
  0x000001c3aca7d800 JavaThread "Unconstrained build operations Thread 76" [_thread_blocked, id=16336, stack(0x00000004a7a00000,0x00000004a7b00000)]
  0x000001c3aca7b000 JavaThread "Unconstrained build operations Thread 77" [_thread_blocked, id=11016, stack(0x00000004a7b00000,0x00000004a7c00000)]
  0x000001c3aca77800 JavaThread "Unconstrained build operations Thread 78" [_thread_blocked, id=3576, stack(0x00000004a7c00000,0x00000004a7d00000)]
  0x000001c3aca7b800 JavaThread "Unconstrained build operations Thread 79" [_thread_blocked, id=11424, stack(0x00000004a7d00000,0x00000004a7e00000)]
  0x000001c3aca7e000 JavaThread "Unconstrained build operations Thread 80" [_thread_blocked, id=12044, stack(0x00000004a7e00000,0x00000004a7f00000)]
  0x000001c3aca78800 JavaThread "Unconstrained build operations Thread 81" [_thread_blocked, id=15336, stack(0x00000004a7f00000,0x00000004a8000000)]
  0x000001c3aca7c800 JavaThread "Unconstrained build operations Thread 82" [_thread_blocked, id=5068, stack(0x00000004a8000000,0x00000004a8100000)]
  0x000001c3acb13800 JavaThread "Unconstrained build operations Thread 83" [_thread_blocked, id=10508, stack(0x00000004a8100000,0x00000004a8200000)]
  0x000001c3acb13000 JavaThread "Unconstrained build operations Thread 84" [_thread_blocked, id=620, stack(0x00000004a8200000,0x00000004a8300000)]
  0x000001c3acb0f800 JavaThread "Unconstrained build operations Thread 85" [_thread_blocked, id=6660, stack(0x00000004a8300000,0x00000004a8400000)]
  0x000001c3acb11000 JavaThread "Unconstrained build operations Thread 86" [_thread_blocked, id=11328, stack(0x00000004a8400000,0x00000004a8500000)]
  0x000001c3acb0e800 JavaThread "Unconstrained build operations Thread 87" [_thread_blocked, id=18288, stack(0x00000004a8500000,0x00000004a8600000)]
  0x000001c3acb10800 JavaThread "Unconstrained build operations Thread 88" [_thread_blocked, id=9324, stack(0x00000004a8600000,0x00000004a8700000)]
  0x000001c3acb12000 JavaThread "Unconstrained build operations Thread 89" [_thread_blocked, id=9660, stack(0x00000004a8700000,0x00000004a8800000)]
  0x000001c3acb0e000 JavaThread "Unconstrained build operations Thread 90" [_thread_blocked, id=6672, stack(0x00000004a8800000,0x00000004a8900000)]
  0x000001c3acb1a000 JavaThread "Unconstrained build operations Thread 91" [_thread_blocked, id=10448, stack(0x00000004a8900000,0x00000004a8a00000)]
  0x000001c3acb18800 JavaThread "Unconstrained build operations Thread 92" [_thread_blocked, id=12940, stack(0x00000004a8a00000,0x00000004a8b00000)]
  0x000001c3acb14800 JavaThread "Unconstrained build operations Thread 93" [_thread_blocked, id=12996, stack(0x00000004a8b00000,0x00000004a8c00000)]
  0x000001c3acb1b000 JavaThread "Unconstrained build operations Thread 94" [_thread_blocked, id=11900, stack(0x00000004a8c00000,0x00000004a8d00000)]
  0x000001c3acb17000 JavaThread "Unconstrained build operations Thread 95" [_thread_blocked, id=12088, stack(0x00000004a8d00000,0x00000004a8e00000)]
  0x000001c3acb15000 JavaThread "Unconstrained build operations Thread 96" [_thread_blocked, id=9488, stack(0x00000004a8e00000,0x00000004a8f00000)]
  0x000001c3acb1c000 JavaThread "Unconstrained build operations Thread 97" [_thread_blocked, id=1780, stack(0x00000004a8f00000,0x00000004a9000000)]
  0x000001c3acb19800 JavaThread "Unconstrained build operations Thread 98" [_thread_blocked, id=17232, stack(0x00000004a9000000,0x00000004a9100000)]
  0x000001c3acb16000 JavaThread "Unconstrained build operations Thread 99" [_thread_blocked, id=12516, stack(0x00000004a9100000,0x00000004a9200000)]
  0x000001c3acb1c800 JavaThread "Unconstrained build operations Thread 100" [_thread_blocked, id=7584, stack(0x00000004a9200000,0x00000004a9300000)]
  0x000001c3acb17800 JavaThread "Unconstrained build operations Thread 101" [_thread_blocked, id=1700, stack(0x00000004a9300000,0x00000004a9400000)]
  0x000001c3acb20800 JavaThread "Unconstrained build operations Thread 102" [_thread_blocked, id=156, stack(0x00000004a9400000,0x00000004a9500000)]
  0x000001c3acb21000 JavaThread "Unconstrained build operations Thread 103" [_thread_blocked, id=11920, stack(0x00000004a9500000,0x00000004a9600000)]
  0x000001c3acb1f800 JavaThread "Unconstrained build operations Thread 104" [_thread_blocked, id=16940, stack(0x00000004a9600000,0x00000004a9700000)]
  0x000001c3acb22000 JavaThread "Unconstrained build operations Thread 105" [_thread_blocked, id=440, stack(0x00000004a9700000,0x00000004a9800000)]
  0x000001c3acb23800 JavaThread "Unconstrained build operations Thread 106" [_thread_blocked, id=13140, stack(0x00000004a9800000,0x00000004a9900000)]
  0x000001c3acb23000 JavaThread "Unconstrained build operations Thread 107" [_thread_blocked, id=552, stack(0x00000004a9900000,0x00000004a9a00000)]
  0x000001c3acb1e000 JavaThread "Unconstrained build operations Thread 108" [_thread_blocked, id=12948, stack(0x00000004a9a00000,0x00000004a9b00000)]
  0x000001c3acb24800 JavaThread "Unconstrained build operations Thread 109" [_thread_blocked, id=7496, stack(0x00000004a9b00000,0x00000004a9c00000)]
  0x000001c3acb1e800 JavaThread "Unconstrained build operations Thread 110" [_thread_blocked, id=1052, stack(0x00000004a9c00000,0x00000004a9d00000)]
  0x000001c3acb2b000 JavaThread "Unconstrained build operations Thread 111" [_thread_blocked, id=4252, stack(0x00000004a9d00000,0x00000004a9e00000)]
  0x000001c3acb27000 JavaThread "Unconstrained build operations Thread 112" [_thread_blocked, id=3236, stack(0x00000004a9e00000,0x00000004a9f00000)]
  0x000001c3acb26000 JavaThread "Unconstrained build operations Thread 113" [_thread_blocked, id=10736, stack(0x00000004a9f00000,0x00000004aa000000)]
  0x000001c3acb25800 JavaThread "Unconstrained build operations Thread 114" [_thread_blocked, id=628, stack(0x00000004aa000000,0x00000004aa100000)]
  0x000001c3acb28800 JavaThread "Unconstrained build operations Thread 115" [_thread_blocked, id=2732, stack(0x00000004aa100000,0x00000004aa200000)]
  0x000001c3acb2c000 JavaThread "Unconstrained build operations Thread 116" [_thread_blocked, id=2904, stack(0x00000004aa200000,0x00000004aa300000)]
  0x000001c3acb29800 JavaThread "Unconstrained build operations Thread 117" [_thread_blocked, id=12808, stack(0x00000004aa300000,0x00000004aa400000)]
  0x000001c3acb2c800 JavaThread "Unconstrained build operations Thread 118" [_thread_blocked, id=5064, stack(0x00000004aa400000,0x00000004aa500000)]
  0x000001c3acb2a000 JavaThread "Unconstrained build operations Thread 119" [_thread_blocked, id=5048, stack(0x00000004aa500000,0x00000004aa600000)]
  0x000001c3acb27800 JavaThread "Unconstrained build operations Thread 120" [_thread_blocked, id=6268, stack(0x00000004aa600000,0x00000004aa700000)]
  0x000001c3acec1000 JavaThread "jar transforms Thread 4" [_thread_blocked, id=13124, stack(0x00000004aa700000,0x00000004aa800000)]
  0x000001c3acebb800 JavaThread "jar transforms Thread 5" [_thread_blocked, id=14896, stack(0x00000004aa800000,0x00000004aa900000)]
  0x000001c3acebf800 JavaThread "jar transforms Thread 6" [_thread_blocked, id=12144, stack(0x00000004aa900000,0x00000004aaa00000)]
  0x000001c3acec0000 JavaThread "jar transforms Thread 7" [_thread_blocked, id=2728, stack(0x00000004aaa00000,0x00000004aab00000)]
  0x000001c3acebc000 JavaThread "jar transforms Thread 8" [_thread_blocked, id=16024, stack(0x00000004aab00000,0x00000004aac00000)]
  0x000001c3acebe800 JavaThread "jar transforms Thread 9" [_thread_blocked, id=8772, stack(0x00000004aac00000,0x00000004aad00000)]
  0x000001c3acec2800 JavaThread "jar transforms Thread 10" [_thread_blocked, id=13376, stack(0x00000004aad00000,0x00000004aae00000)]
  0x000001c3acebe000 JavaThread "jar transforms Thread 11" [_thread_blocked, id=16300, stack(0x00000004aae00000,0x00000004aaf00000)]
  0x000001c3acec2000 JavaThread "jar transforms Thread 12" [_thread_blocked, id=12896, stack(0x00000004aaf00000,0x00000004ab000000)]
  0x000001c3acebd000 JavaThread "Memory manager" [_thread_blocked, id=11728, stack(0x00000004ab000000,0x00000004ab100000)]

Other Threads:
  0x000001c3a770d000 VMThread "VM Thread" [stack: 0x000000049fe00000,0x000000049ff00000] [id=11800]
  0x000001c3a821a800 WatcherThread [stack: 0x00000004a0800000,0x00000004a0900000] [id=8756]
  0x000001c38cea9800 GCTaskThread "GC Thread#0" [stack: 0x000000049f900000,0x000000049fa00000] [id=11164]
  0x000001c3a8918800 GCTaskThread "GC Thread#1" [stack: 0x00000004a0900000,0x00000004a0a00000] [id=524]
  0x000001c3a9fa1000 GCTaskThread "GC Thread#2" [stack: 0x00000004a1400000,0x00000004a1500000] [id=4740]
  0x000001c3a9fc9000 GCTaskThread "GC Thread#3" [stack: 0x00000004a1500000,0x00000004a1600000] [id=17148]
  0x000001c3aa01d000 GCTaskThread "GC Thread#4" [stack: 0x00000004a1600000,0x00000004a1700000] [id=8680]
  0x000001c3aa01e000 GCTaskThread "GC Thread#5" [stack: 0x00000004a1700000,0x00000004a1800000] [id=6376]
  0x000001c3aa01e800 GCTaskThread "GC Thread#6" [stack: 0x00000004a1800000,0x00000004a1900000] [id=2896]
  0x000001c3aa01f000 GCTaskThread "GC Thread#7" [stack: 0x00000004a1900000,0x00000004a1a00000] [id=15356]
  0x000001c3a9f9d000 GCTaskThread "GC Thread#8" [stack: 0x00000004a1a00000,0x00000004a1b00000] [id=5004]
  0x000001c3a9f9e000 GCTaskThread "GC Thread#9" [stack: 0x00000004a1b00000,0x00000004a1c00000] [id=17824]
  0x000001c38cecc000 ConcurrentGCThread "G1 Main Marker" [stack: 0x000000049fa00000,0x000000049fb00000] [id=15936]
  0x000001c38cecd000 ConcurrentGCThread "G1 Conc#0" [stack: 0x000000049fb00000,0x000000049fc00000] [id=10052]
  0x000001c3aa0c3800 ConcurrentGCThread "G1 Conc#1" [stack: 0x00000004a2000000,0x00000004a2100000] [id=17808]
  0x000001c3aa11b000 ConcurrentGCThread "G1 Conc#2" [stack: 0x00000004a2100000,0x00000004a2200000] [id=17612]
  0x000001c3a7560800 ConcurrentGCThread "G1 Refine#0" [stack: 0x000000049fc00000,0x000000049fd00000] [id=15604]
  0x000001c3aa006800 ConcurrentGCThread "G1 Refine#1" [stack: 0x00000004a1c00000,0x00000004a1d00000] [id=12412]
  0x000001c3a7561800 ConcurrentGCThread "G1 Young RemSet Sampling" [stack: 0x000000049fd00000,0x000000049fe00000] [id=3648]

Threads with active compile tasks:
C2 CompilerThread0  13796 6222       4       java.util.Arrays::binarySearch0 (95 bytes)

VM state:at safepoint (normal execution)

VM Mutex/Monitor currently owned by a thread:  ([mutex/lock_event])
[0x000001c38ce504d0] Threads_lock - owner thread: 0x000001c3a770d000
[0x000001c38ce505f0] Heap_lock - owner thread: 0x000001c3a81f8800

Heap address: 0x0000000080000000, size: 2048 MB, Compressed Oops mode: 32-bit
Narrow klass base: 0x0000000000000000, Narrow klass shift: 3
Compressed class space size: 1073741824 Address: 0x0000000100000000

Heap:
 garbage-first heap   total 147456K, used 52747K [0x0000000080000000, 0x0000000100000000)
  region size 1024K, 3 young (3072K), 3 survivors (3072K)
 Metaspace       used 65297K, capacity 66804K, committed 66988K, reserved 1107968K
  class space    used 8337K, capacity 8926K, committed 8960K, reserved 1048576K
Heap Regions: E=young(eden), S=young(survivor), O=old, HS=humongous(starts), HC=humongous(continues), CS=collection set, F=free, A=archive, TAMS=top-at-mark-start (previous, next)
|   0|0x0000000080000000, 0x0000000080100000, 0x0000000080100000|100%| O|  |TAMS 0x0000000080100000, 0x0000000080000000| Untracked 
|   1|0x0000000080100000, 0x0000000080200000, 0x0000000080200000|100%| O|  |TAMS 0x0000000080200000, 0x0000000080100000| Untracked 
|   2|0x0000000080200000, 0x0000000080300000, 0x0000000080300000|100%| O|  |TAMS 0x0000000080300000, 0x0000000080200000| Untracked 
|   3|0x0000000080300000, 0x0000000080400000, 0x0000000080400000|100%|HS|  |TAMS 0x0000000080400000, 0x0000000080300000| Complete 
|   4|0x0000000080400000, 0x0000000080500000, 0x0000000080500000|100%|HC|  |TAMS 0x0000000080500000, 0x0000000080400000| Complete 
|   5|0x0000000080500000, 0x0000000080600000, 0x0000000080600000|100%|HC|  |TAMS 0x0000000080600000, 0x0000000080500000| Complete 
|   6|0x0000000080600000, 0x0000000080700000, 0x0000000080700000|100%| O|  |TAMS 0x0000000080700000, 0x0000000080600000| Untracked 
|   7|0x0000000080700000, 0x0000000080800000, 0x0000000080800000|100%| O|  |TAMS 0x0000000080800000, 0x0000000080700000| Untracked 
|   8|0x0000000080800000, 0x0000000080900000, 0x0000000080900000|100%| O|  |TAMS 0x0000000080900000, 0x0000000080800000| Untracked 
|   9|0x0000000080900000, 0x0000000080a00000, 0x0000000080a00000|100%| O|  |TAMS 0x0000000080a00000, 0x0000000080900000| Untracked 
|  10|0x0000000080a00000, 0x0000000080b00000, 0x0000000080b00000|100%| O|  |TAMS 0x0000000080b00000, 0x0000000080a00000| Untracked 
|  11|0x0000000080b00000, 0x0000000080c00000, 0x0000000080c00000|100%| O|  |TAMS 0x0000000080c00000, 0x0000000080b00000| Untracked 
|  12|0x0000000080c00000, 0x0000000080d00000, 0x0000000080d00000|100%| O|  |TAMS 0x0000000080d00000, 0x0000000080c00000| Untracked 
|  13|0x0000000080d00000, 0x0000000080e00000, 0x0000000080e00000|100%| O|  |TAMS 0x0000000080e00000, 0x0000000080d00000| Untracked 
|  14|0x0000000080e00000, 0x0000000080f00000, 0x0000000080f00000|100%| O|  |TAMS 0x0000000080f00000, 0x0000000080e00000| Untracked 
|  15|0x0000000080f00000, 0x0000000081000000, 0x0000000081000000|100%| O|  |TAMS 0x0000000081000000, 0x0000000080f00000| Untracked 
|  16|0x0000000081000000, 0x0000000081100000, 0x0000000081100000|100%| O|  |TAMS 0x0000000081100000, 0x0000000081000000| Untracked 
|  17|0x0000000081100000, 0x0000000081200000, 0x0000000081200000|100%| O|  |TAMS 0x0000000081200000, 0x0000000081100000| Untracked 
|  18|0x0000000081200000, 0x0000000081300000, 0x0000000081300000|100%| O|  |TAMS 0x0000000081300000, 0x0000000081200000| Untracked 
|  19|0x0000000081300000, 0x0000000081400000, 0x0000000081400000|100%| O|  |TAMS 0x0000000081400000, 0x0000000081300000| Untracked 
|  20|0x0000000081400000, 0x0000000081500000, 0x0000000081500000|100%| O|  |TAMS 0x0000000081500000, 0x0000000081400000| Untracked 
|  21|0x0000000081500000, 0x0000000081600000, 0x0000000081600000|100%| O|  |TAMS 0x0000000081600000, 0x0000000081500000| Untracked 
|  22|0x0000000081600000, 0x0000000081700000, 0x0000000081700000|100%| O|  |TAMS 0x0000000081700000, 0x0000000081600000| Untracked 
|  23|0x0000000081700000, 0x0000000081800000, 0x0000000081800000|100%| O|  |TAMS 0x0000000081800000, 0x0000000081700000| Untracked 
|  24|0x0000000081800000, 0x0000000081900000, 0x0000000081900000|100%| O|  |TAMS 0x0000000081900000, 0x0000000081800000| Untracked 
|  25|0x0000000081900000, 0x0000000081a00000, 0x0000000081a00000|100%| O|  |TAMS 0x0000000081a00000, 0x0000000081900000| Untracked 
|  26|0x0000000081a00000, 0x0000000081b00000, 0x0000000081b00000|100%|HS|  |TAMS 0x0000000081b00000, 0x0000000081a00000| Complete 
|  27|0x0000000081b00000, 0x0000000081c00000, 0x0000000081c00000|100%|HS|  |TAMS 0x0000000081c00000, 0x0000000081b00000| Complete 
|  28|0x0000000081c00000, 0x0000000081d00000, 0x0000000081d00000|100%|HS|  |TAMS 0x0000000081d00000, 0x0000000081c00000| Complete 
|  29|0x0000000081d00000, 0x0000000081e00000, 0x0000000081e00000|100%|HC|  |TAMS 0x0000000081e00000, 0x0000000081d00000| Complete 
|  30|0x0000000081e00000, 0x0000000081f00000, 0x0000000081f00000|100%| O|  |TAMS 0x0000000081f00000, 0x0000000081e00000| Untracked 
|  31|0x0000000081f00000, 0x0000000082000000, 0x0000000082000000|100%| O|  |TAMS 0x0000000082000000, 0x0000000081f00000| Untracked 
|  32|0x0000000082000000, 0x0000000082100000, 0x0000000082100000|100%| O|  |TAMS 0x0000000082100000, 0x0000000082000000| Untracked 
|  33|0x0000000082100000, 0x0000000082200000, 0x0000000082200000|100%| O|  |TAMS 0x0000000082200000, 0x0000000082100000| Untracked 
|  34|0x0000000082200000, 0x0000000082300000, 0x0000000082300000|100%| O|  |TAMS 0x0000000082300000, 0x0000000082200000| Untracked 
|  35|0x0000000082300000, 0x0000000082400000, 0x0000000082400000|100%| O|  |TAMS 0x0000000082400000, 0x0000000082300000| Untracked 
|  36|0x0000000082400000, 0x0000000082500000, 0x0000000082500000|100%| O|  |TAMS 0x0000000082500000, 0x0000000082400000| Untracked 
|  37|0x0000000082500000, 0x0000000082600000, 0x0000000082600000|100%| O|  |TAMS 0x0000000082600000, 0x0000000082500000| Untracked 
|  38|0x0000000082600000, 0x0000000082700000, 0x0000000082700000|100%| O|  |TAMS 0x0000000082700000, 0x0000000082600000| Untracked 
|  39|0x0000000082700000, 0x0000000082800000, 0x0000000082800000|100%| O|  |TAMS 0x0000000082800000, 0x0000000082700000| Untracked 
|  40|0x0000000082800000, 0x0000000082900000, 0x0000000082900000|100%| O|  |TAMS 0x0000000082900000, 0x0000000082800000| Untracked 
|  41|0x0000000082900000, 0x0000000082a00000, 0x0000000082a00000|100%| O|  |TAMS 0x0000000082a00000, 0x0000000082900000| Untracked 
|  42|0x0000000082a00000, 0x0000000082b00000, 0x0000000082b00000|100%| O|  |TAMS 0x0000000082ace600, 0x0000000082a00000| Untracked 
|  43|0x0000000082b00000, 0x0000000082b00000, 0x0000000082c00000|  0%| F|  |TAMS 0x0000000082b00000, 0x0000000082b00000| Untracked 
|  44|0x0000000082c00000, 0x0000000082d00000, 0x0000000082d00000|100%| O|  |TAMS 0x0000000082c00000, 0x0000000082c00000| Untracked 
|  45|0x0000000082d00000, 0x0000000082e00000, 0x0000000082e00000|100%| O|  |TAMS 0x0000000082d00000, 0x0000000082d00000| Untracked 
|  46|0x0000000082e00000, 0x0000000082f00000, 0x0000000082f00000|100%| O|  |TAMS 0x0000000082e00000, 0x0000000082e00000| Untracked 
|  47|0x0000000082f00000, 0x0000000083000000, 0x0000000083000000|100%| O|  |TAMS 0x0000000082f00000, 0x0000000082f00000| Untracked 
|  48|0x0000000083000000, 0x0000000083100000, 0x0000000083100000|100%| O|  |TAMS 0x0000000083000000, 0x0000000083000000| Untracked 
|  49|0x0000000083100000, 0x0000000083182c00, 0x0000000083200000| 51%| O|  |TAMS 0x0000000083100000, 0x0000000083100000| Untracked 
|  50|0x0000000083200000, 0x0000000083200000, 0x0000000083300000|  0%| F|  |TAMS 0x0000000083200000, 0x0000000083200000| Untracked 
|  51|0x0000000083300000, 0x0000000083300000, 0x0000000083400000|  0%| F|  |TAMS 0x0000000083300000, 0x0000000083300000| Untracked 
|  52|0x0000000083400000, 0x0000000083400000, 0x0000000083500000|  0%| F|  |TAMS 0x0000000083400000, 0x0000000083400000| Untracked 
|  53|0x0000000083500000, 0x0000000083500000, 0x0000000083600000|  0%| F|  |TAMS 0x0000000083500000, 0x0000000083500000| Untracked 
|  54|0x0000000083600000, 0x0000000083600000, 0x0000000083700000|  0%| F|  |TAMS 0x0000000083600000, 0x0000000083600000| Untracked 
|  55|0x0000000083700000, 0x0000000083700000, 0x0000000083800000|  0%| F|  |TAMS 0x0000000083700000, 0x0000000083700000| Untracked 
|  56|0x0000000083800000, 0x0000000083800000, 0x0000000083900000|  0%| F|  |TAMS 0x0000000083800000, 0x0000000083800000| Untracked 
|  57|0x0000000083900000, 0x0000000083900000, 0x0000000083a00000|  0%| F|  |TAMS 0x0000000083900000, 0x0000000083900000| Untracked 
|  58|0x0000000083a00000, 0x0000000083a00000, 0x0000000083b00000|  0%| F|  |TAMS 0x0000000083a00000, 0x0000000083a00000| Untracked 
|  59|0x0000000083b00000, 0x0000000083b00000, 0x0000000083c00000|  0%| F|  |TAMS 0x0000000083b00000, 0x0000000083b00000| Untracked 
|  60|0x0000000083c00000, 0x0000000083c00000, 0x0000000083d00000|  0%| F|  |TAMS 0x0000000083c00000, 0x0000000083c00000| Untracked 
|  61|0x0000000083d00000, 0x0000000083d00000, 0x0000000083e00000|  0%| F|  |TAMS 0x0000000083d00000, 0x0000000083d00000| Untracked 
|  62|0x0000000083e00000, 0x0000000083e00000, 0x0000000083f00000|  0%| F|  |TAMS 0x0000000083e00000, 0x0000000083e00000| Untracked 
|  63|0x0000000083f00000, 0x0000000083f00000, 0x0000000084000000|  0%| F|  |TAMS 0x0000000083f00000, 0x0000000083f00000| Untracked 
|  64|0x0000000084000000, 0x0000000084000000, 0x0000000084100000|  0%| F|  |TAMS 0x0000000084000000, 0x0000000084000000| Untracked 
|  65|0x0000000084100000, 0x0000000084100000, 0x0000000084200000|  0%| F|  |TAMS 0x0000000084100000, 0x0000000084100000| Untracked 
|  66|0x0000000084200000, 0x0000000084200000, 0x0000000084300000|  0%| F|  |TAMS 0x0000000084200000, 0x0000000084200000| Untracked 
|  67|0x0000000084300000, 0x0000000084300000, 0x0000000084400000|  0%| F|  |TAMS 0x0000000084300000, 0x0000000084300000| Untracked 
|  68|0x0000000084400000, 0x0000000084400000, 0x0000000084500000|  0%| F|  |TAMS 0x0000000084400000, 0x0000000084400000| Untracked 
|  69|0x0000000084500000, 0x0000000084500000, 0x0000000084600000|  0%| F|  |TAMS 0x0000000084500000, 0x0000000084500000| Untracked 
|  70|0x0000000084600000, 0x0000000084600000, 0x0000000084700000|  0%| F|  |TAMS 0x0000000084600000, 0x0000000084600000| Untracked 
|  71|0x0000000084700000, 0x0000000084700000, 0x0000000084800000|  0%| F|  |TAMS 0x0000000084700000, 0x0000000084700000| Untracked 
|  72|0x0000000084800000, 0x0000000084800000, 0x0000000084900000|  0%| F|  |TAMS 0x0000000084800000, 0x0000000084800000| Untracked 
|  73|0x0000000084900000, 0x0000000084900000, 0x0000000084a00000|  0%| F|  |TAMS 0x0000000084900000, 0x0000000084900000| Untracked 
|  74|0x0000000084a00000, 0x0000000084a00000, 0x0000000084b00000|  0%| F|  |TAMS 0x0000000084a00000, 0x0000000084a00000| Untracked 
|  75|0x0000000084b00000, 0x0000000084b00000, 0x0000000084c00000|  0%| F|  |TAMS 0x0000000084b00000, 0x0000000084b00000| Untracked 
|  76|0x0000000084c00000, 0x0000000084c00000, 0x0000000084d00000|  0%| F|  |TAMS 0x0000000084c00000, 0x0000000084c00000| Untracked 
|  77|0x0000000084d00000, 0x0000000084e00000, 0x0000000084e00000|100%| S|CS|TAMS 0x0000000084d00000, 0x0000000084d00000| Complete 
|  78|0x0000000084e00000, 0x0000000084f00000, 0x0000000084f00000|100%| S|CS|TAMS 0x0000000084e00000, 0x0000000084e00000| Complete 
|  79|0x0000000084f00000, 0x0000000085000000, 0x0000000085000000|100%| S|CS|TAMS 0x0000000084f00000, 0x0000000084f00000| Complete 
|  80|0x0000000085000000, 0x0000000085000000, 0x0000000085100000|  0%| F|  |TAMS 0x0000000085000000, 0x0000000085000000| Untracked 
|  81|0x0000000085100000, 0x0000000085100000, 0x0000000085200000|  0%| F|  |TAMS 0x0000000085100000, 0x0000000085100000| Untracked 
|  82|0x0000000085200000, 0x0000000085200000, 0x0000000085300000|  0%| F|  |TAMS 0x0000000085200000, 0x0000000085200000| Untracked 
|  83|0x0000000085300000, 0x0000000085300000, 0x0000000085400000|  0%| F|  |TAMS 0x0000000085300000, 0x0000000085300000| Untracked 
|  84|0x0000000085400000, 0x0000000085400000, 0x0000000085500000|  0%| F|  |TAMS 0x0000000085400000, 0x0000000085400000| Untracked 
|  85|0x0000000085500000, 0x0000000085500000, 0x0000000085600000|  0%| F|  |TAMS 0x0000000085500000, 0x0000000085500000| Untracked 
|  86|0x0000000085600000, 0x0000000085600000, 0x0000000085700000|  0%| F|  |TAMS 0x0000000085600000, 0x0000000085600000| Untracked 
|  87|0x0000000085700000, 0x0000000085700000, 0x0000000085800000|  0%| F|  |TAMS 0x0000000085700000, 0x0000000085700000| Untracked 
|  88|0x0000000085800000, 0x0000000085800000, 0x0000000085900000|  0%| F|  |TAMS 0x0000000085800000, 0x0000000085800000| Untracked 
|  89|0x0000000085900000, 0x0000000085900000, 0x0000000085a00000|  0%| F|  |TAMS 0x0000000085900000, 0x0000000085900000| Untracked 
|  90|0x0000000085a00000, 0x0000000085a00000, 0x0000000085b00000|  0%| F|  |TAMS 0x0000000085a00000, 0x0000000085a00000| Untracked 
|  91|0x0000000085b00000, 0x0000000085b00000, 0x0000000085c00000|  0%| F|  |TAMS 0x0000000085b00000, 0x0000000085b00000| Untracked 
|  92|0x0000000085c00000, 0x0000000085c00000, 0x0000000085d00000|  0%| F|  |TAMS 0x0000000085c00000, 0x0000000085c00000| Untracked 
|  93|0x0000000085d00000, 0x0000000085d00000, 0x0000000085e00000|  0%| F|  |TAMS 0x0000000085d00000, 0x0000000085d00000| Untracked 
|  94|0x0000000085e00000, 0x0000000085e00000, 0x0000000085f00000|  0%| F|  |TAMS 0x0000000085e00000, 0x0000000085e00000| Untracked 
|  95|0x0000000085f00000, 0x0000000085f00000, 0x0000000086000000|  0%| F|  |TAMS 0x0000000085f00000, 0x0000000085f00000| Untracked 
|  96|0x0000000086000000, 0x0000000086000000, 0x0000000086100000|  0%| F|  |TAMS 0x0000000086000000, 0x0000000086000000| Untracked 
|  97|0x0000000086100000, 0x0000000086100000, 0x0000000086200000|  0%| F|  |TAMS 0x0000000086100000, 0x0000000086100000| Untracked 
|  98|0x0000000086200000, 0x0000000086200000, 0x0000000086300000|  0%| F|  |TAMS 0x0000000086200000, 0x0000000086200000| Untracked 
|  99|0x0000000086300000, 0x0000000086300000, 0x0000000086400000|  0%| F|  |TAMS 0x0000000086300000, 0x0000000086300000| Untracked 
| 100|0x0000000086400000, 0x0000000086400000, 0x0000000086500000|  0%| F|  |TAMS 0x0000000086400000, 0x0000000086400000| Untracked 
| 101|0x0000000086500000, 0x0000000086500000, 0x0000000086600000|  0%| F|  |TAMS 0x0000000086500000, 0x0000000086500000| Untracked 
| 102|0x0000000086600000, 0x0000000086600000, 0x0000000086700000|  0%| F|  |TAMS 0x0000000086600000, 0x0000000086600000| Untracked 
| 103|0x0000000086700000, 0x0000000086700000, 0x0000000086800000|  0%| F|  |TAMS 0x0000000086700000, 0x0000000086700000| Untracked 
| 104|0x0000000086800000, 0x0000000086800000, 0x0000000086900000|  0%| F|  |TAMS 0x0000000086800000, 0x0000000086800000| Untracked 
| 105|0x0000000086900000, 0x0000000086900000, 0x0000000086a00000|  0%| F|  |TAMS 0x0000000086900000, 0x0000000086900000| Untracked 
| 106|0x0000000086a00000, 0x0000000086a00000, 0x0000000086b00000|  0%| F|  |TAMS 0x0000000086a00000, 0x0000000086a00000| Untracked 
| 107|0x0000000086b00000, 0x0000000086b00000, 0x0000000086c00000|  0%| F|  |TAMS 0x0000000086b00000, 0x0000000086b00000| Untracked 
| 108|0x0000000086c00000, 0x0000000086c00000, 0x0000000086d00000|  0%| F|  |TAMS 0x0000000086c00000, 0x0000000086c00000| Untracked 
| 109|0x0000000086d00000, 0x0000000086d00000, 0x0000000086e00000|  0%| F|  |TAMS 0x0000000086d00000, 0x0000000086d00000| Untracked 
| 110|0x0000000086e00000, 0x0000000086e00000, 0x0000000086f00000|  0%| F|  |TAMS 0x0000000086e00000, 0x0000000086e00000| Untracked 
| 111|0x0000000086f00000, 0x0000000086f00000, 0x0000000087000000|  0%| F|  |TAMS 0x0000000086f00000, 0x0000000086f00000| Untracked 
| 112|0x0000000087000000, 0x0000000087000000, 0x0000000087100000|  0%| F|  |TAMS 0x0000000087000000, 0x0000000087000000| Untracked 
| 113|0x0000000087100000, 0x0000000087100000, 0x0000000087200000|  0%| F|  |TAMS 0x0000000087100000, 0x0000000087100000| Untracked 
| 114|0x0000000087200000, 0x0000000087200000, 0x0000000087300000|  0%| F|  |TAMS 0x0000000087200000, 0x0000000087200000| Untracked 
| 115|0x0000000087300000, 0x0000000087300000, 0x0000000087400000|  0%| F|  |TAMS 0x0000000087300000, 0x0000000087300000| Untracked 
| 116|0x0000000087400000, 0x0000000087400000, 0x0000000087500000|  0%| F|  |TAMS 0x0000000087400000, 0x0000000087400000| Untracked 
| 117|0x0000000087500000, 0x0000000087500000, 0x0000000087600000|  0%| F|  |TAMS 0x0000000087500000, 0x0000000087500000| Untracked 
| 118|0x0000000087600000, 0x0000000087600000, 0x0000000087700000|  0%| F|  |TAMS 0x0000000087600000, 0x0000000087600000| Untracked 
| 119|0x0000000087700000, 0x0000000087700000, 0x0000000087800000|  0%| F|  |TAMS 0x0000000087700000, 0x0000000087700000| Untracked 

Card table byte_map: [0x000001c3a02b0000,0x000001c3a06b0000] _byte_map_base: 0x000001c39feb0000

Marking Bits (Prev, Next): (CMBitMap*) 0x000001c38cecb060, (CMBitMap*) 0x000001c38cecb028
 Prev Bits: [0x000001c3a2ab0000, 0x000001c3a4ab0000)
 Next Bits: [0x000001c3a0ab0000, 0x000001c3a2ab0000)

Polling page: 0x000001c38adf0000

Metaspace:

Usage:
  Non-class:     56.52 MB capacity,    55.63 MB ( 98%) used,   752.23 KB (  1%) free+waste,   165.69 KB ( <1%) overhead. 
      Class:      8.72 MB capacity,     8.14 MB ( 93%) used,   510.85 KB (  6%) free+waste,    77.56 KB ( <1%) overhead. 
       Both:     65.24 MB capacity,    63.77 MB ( 98%) used,     1.23 MB (  2%) free+waste,   243.25 KB ( <1%) overhead. 

Virtual space:
  Non-class space:       58.00 MB reserved,      56.67 MB ( 98%) committed 
      Class space:        1.00 GB reserved,       8.75 MB ( <1%) committed 
             Both:        1.06 GB reserved,      65.42 MB (  6%) committed 

Chunk freelists:
   Non-Class:  22.00 KB
       Class:  2.00 KB
        Both:  24.00 KB

MaxMetaspaceSize: 17179869184.00 GB
CompressedClassSpaceSize: 1.00 GB
Initial GC threshold: 20.80 MB
Current GC threshold: 97.99 MB
CDS: off

CodeHeap 'non-profiled nmethods': size=120000Kb used=3212Kb max_used=3212Kb free=116787Kb
 bounds [0x000001c398430000, 0x000001c398760000, 0x000001c39f960000]
CodeHeap 'profiled nmethods': size=120000Kb used=13011Kb max_used=13011Kb free=106988Kb
 bounds [0x000001c390f00000, 0x000001c391bc0000, 0x000001c398430000]
CodeHeap 'non-nmethods': size=5760Kb used=2346Kb max_used=2390Kb free=3413Kb
 bounds [0x000001c390960000, 0x000001c390bd0000, 0x000001c390f00000]
 total_blobs=7202 nmethods=6350 adapters=764
 compilation: enabled
              stopped_count=0, restarted_count=0
 full_count=0

Compilation events (20 events):
Event: 13.619 Thread 0x000001c3a7740000 6405       2       java.util.concurrent.atomic.AtomicInteger::getAndAdd (12 bytes)
Event: 13.619 Thread 0x000001c3a7740000 nmethod 6405 0x000001c391ba4b90 code [0x000001c391ba4d40, 0x000001c391ba4e38]
Event: 13.622 Thread 0x000001c3a7740000 6406       1       org.gradle.api.internal.collections.AbstractIterationOrderRetainingElementSource$ValuePointer::getElement (5 bytes)
Event: 13.622 Thread 0x000001c3a7740000 nmethod 6406 0x000001c398752c90 code [0x000001c398752e40, 0x000001c398752ef8]
Event: 13.622 Thread 0x000001c3a7740000 6407       1       org.gradle.api.internal.collections.AbstractIterationOrderRetainingElementSource$ValuePointer::getIndex (5 bytes)
Event: 13.622 Thread 0x000001c3a7740000 nmethod 6407 0x000001c398752f90 code [0x000001c398753140, 0x000001c3987531f8]
Event: 13.623 Thread 0x000001c3a7740000 6408       2       sun.nio.fs.WindowsPath::compareTo (118 bytes)
Event: 13.623 Thread 0x000001c3a7740000 nmethod 6408 0x000001c391ba4f10 code [0x000001c391ba5160, 0x000001c391ba58a8]
Event: 13.634 Thread 0x000001c3a7740000 6409   !   2       org.gradle.internal.serialize.kryo.KryoBackedDecoder::readLong (15 bytes)
Event: 13.634 Thread 0x000001c3a7740000 nmethod 6409 0x000001c391ba5f90 code [0x000001c391ba6180, 0x000001c391ba6428]
Event: 13.634 Thread 0x000001c3a7740000 6410  s    2       java.io.BufferedInputStream::read (113 bytes)
Event: 13.635 Thread 0x000001c3a7740000 nmethod 6410 0x000001c391ba6610 code [0x000001c391ba6820, 0x000001c391ba6e98]
Event: 13.635 Thread 0x000001c3a7740000 6411       2       java.util.stream.Collectors$$Lambda$64/0x0000000100161440::accept (11 bytes)
Event: 13.635 Thread 0x000001c3a7740000 nmethod 6411 0x000001c391ba7090 code [0x000001c391ba7240, 0x000001c391ba73a8]
Event: 13.649 Thread 0x000001c3a7740000 6412       2       org.codehaus.groovy.reflection.stdclasses.CachedSAMClass::isAssignableFrom (30 bytes)
Event: 13.650 Thread 0x000001c3a7740000 nmethod 6412 0x000001c391ba7490 code [0x000001c391ba7660, 0x000001c391ba7818]
Event: 13.657 Thread 0x000001c3a7740000 6413   !   2       org.codehaus.groovy.reflection.stdclasses.CachedSAMClass::getSAMMethodImpl (151 bytes)
Event: 13.659 Thread 0x000001c3a7740000 nmethod 6413 0x000001c391ba7910 code [0x000001c391ba7bc0, 0x000001c391ba83a8]
Event: 13.675 Thread 0x000001c3a7740000 6415       2       org.codehaus.groovy.util.FastArray::set (8 bytes)
Event: 13.675 Thread 0x000001c3a7740000 nmethod 6415 0x000001c391ba8890 code [0x000001c391ba8a40, 0x000001c391ba8c18]

GC Heap History (20 events):
Event: 3.980 GC heap before
{Heap before GC invocations=4 (full 0):
 garbage-first heap   total 122880K, used 67306K [0x0000000080000000, 0x0000000100000000)
  region size 1024K, 51 young (52224K), 2 survivors (2048K)
 Metaspace       used 25982K, capacity 26517K, committed 26624K, reserved 1073152K
  class space    used 3361K, capacity 3553K, committed 3584K, reserved 1048576K
}
Event: 3.982 GC heap after
{Heap after GC invocations=5 (full 0):
 garbage-first heap   total 122880K, used 18858K [0x0000000080000000, 0x0000000100000000)
  region size 1024K, 3 young (3072K), 3 survivors (3072K)
 Metaspace       used 25982K, capacity 26517K, committed 26624K, reserved 1073152K
  class space    used 3361K, capacity 3553K, committed 3584K, reserved 1048576K
}
Event: 4.719 GC heap before
{Heap before GC invocations=5 (full 0):
 garbage-first heap   total 122880K, used 74154K [0x0000000080000000, 0x0000000100000000)
  region size 1024K, 57 young (58368K), 3 survivors (3072K)
 Metaspace       used 31511K, capacity 32194K, committed 32384K, reserved 1077248K
  class space    used 4225K, capacity 4473K, committed 4480K, reserved 1048576K
}
Event: 4.724 GC heap after
{Heap after GC invocations=6 (full 0):
 garbage-first heap   total 122880K, used 20684K [0x0000000080000000, 0x0000000100000000)
  region size 1024K, 5 young (5120K), 5 survivors (5120K)
 Metaspace       used 31511K, capacity 32194K, committed 32384K, reserved 1077248K
  class space    used 4225K, capacity 4473K, committed 4480K, reserved 1048576K
}
Event: 4.986 GC heap before
{Heap before GC invocations=6 (full 0):
 garbage-first heap   total 122880K, used 28876K [0x0000000080000000, 0x0000000100000000)
  region size 1024K, 14 young (14336K), 5 survivors (5120K)
 Metaspace       used 34897K, capacity 35718K, committed 35840K, reserved 1081344K
  class space    used 4532K, capacity 4839K, committed 4864K, reserved 1048576K
}
Event: 4.995 GC heap after
{Heap after GC invocations=7 (full 0):
 garbage-first heap   total 122880K, used 22466K [0x0000000080000000, 0x0000000100000000)
  region size 1024K, 6 young (6144K), 6 survivors (6144K)
 Metaspace       used 34897K, capacity 35718K, committed 35840K, reserved 1081344K
  class space    used 4532K, capacity 4839K, committed 4864K, reserved 1048576K
}
Event: 5.564 GC heap before
{Heap before GC invocations=8 (full 0):
 garbage-first heap   total 122880K, used 74690K [0x0000000080000000, 0x0000000100000000)
  region size 1024K, 55 young (56320K), 6 survivors (6144K)
 Metaspace       used 39287K, capacity 40209K, committed 40448K, reserved 1085440K
  class space    used 5017K, capacity 5353K, committed 5376K, reserved 1048576K
}
Event: 5.571 GC heap after
{Heap after GC invocations=9 (full 0):
 garbage-first heap   total 122880K, used 26430K [0x0000000080000000, 0x0000000100000000)
  region size 1024K, 7 young (7168K), 7 survivors (7168K)
 Metaspace       used 39287K, capacity 40209K, committed 40448K, reserved 1085440K
  class space    used 5017K, capacity 5353K, committed 5376K, reserved 1048576K
}
Event: 6.225 GC heap before
{Heap before GC invocations=9 (full 0):
 garbage-first heap   total 122880K, used 78654K [0x0000000080000000, 0x0000000100000000)
  region size 1024K, 58 young (59392K), 7 survivors (7168K)
 Metaspace       used 43914K, capacity 44952K, committed 45184K, reserved 1089536K
  class space    used 5611K, capacity 5983K, committed 6016K, reserved 1048576K
}
Event: 6.231 GC heap after
{Heap after GC invocations=10 (full 0):
 garbage-first heap   total 122880K, used 29502K [0x0000000080000000, 0x0000000100000000)
  region size 1024K, 7 young (7168K), 7 survivors (7168K)
 Metaspace       used 43914K, capacity 44952K, committed 45184K, reserved 1089536K
  class space    used 5611K, capacity 5983K, committed 6016K, reserved 1048576K
}
Event: 6.987 GC heap before
{Heap before GC invocations=10 (full 0):
 garbage-first heap   total 122880K, used 81726K [0x0000000080000000, 0x0000000100000000)
  region size 1024K, 58 young (59392K), 7 survivors (7168K)
 Metaspace       used 47578K, capacity 48755K, committed 48896K, reserved 1091584K
  class space    used 6129K, capacity 6529K, committed 6656K, reserved 1048576K
}
Event: 6.994 GC heap after
{Heap after GC invocations=11 (full 0):
 garbage-first heap   total 122880K, used 32189K [0x0000000080000000, 0x0000000100000000)
  region size 1024K, 6 young (6144K), 6 survivors (6144K)
 Metaspace       used 47578K, capacity 48755K, committed 48896K, reserved 1091584K
  class space    used 6129K, capacity 6529K, committed 6656K, reserved 1048576K
}
Event: 8.516 GC heap before
{Heap before GC invocations=11 (full 0):
 garbage-first heap   total 122880K, used 88509K [0x0000000080000000, 0x0000000100000000)
  region size 1024K, 58 young (59392K), 6 survivors (6144K)
 Metaspace       used 49286K, capacity 50568K, committed 50688K, reserved 1093632K
  class space    used 6320K, capacity 6795K, committed 6912K, reserved 1048576K
}
Event: 8.524 GC heap after
{Heap after GC invocations=12 (full 0):
 garbage-first heap   total 122880K, used 43557K [0x0000000080000000, 0x0000000100000000)
  region size 1024K, 8 young (8192K), 8 survivors (8192K)
 Metaspace       used 49286K, capacity 50568K, committed 50688K, reserved 1093632K
  class space    used 6320K, capacity 6795K, committed 6912K, reserved 1048576K
}
Event: 10.208 GC heap before
{Heap before GC invocations=12 (full 0):
 garbage-first heap   total 122880K, used 89637K [0x0000000080000000, 0x0000000100000000)
  region size 1024K, 53 young (54272K), 8 survivors (8192K)
 Metaspace       used 55764K, capacity 57185K, committed 57344K, reserved 1099776K
  class space    used 7117K, capacity 7635K, committed 7680K, reserved 1048576K
}
Event: 10.218 GC heap after
{Heap after GC invocations=13 (full 0):
 garbage-first heap   total 122880K, used 45725K [0x0000000080000000, 0x0000000100000000)
  region size 1024K, 2 young (2048K), 2 survivors (2048K)
 Metaspace       used 55764K, capacity 57185K, committed 57344K, reserved 1099776K
  class space    used 7117K, capacity 7635K, committed 7680K, reserved 1048576K
}
Event: 11.144 GC heap before
{Heap before GC invocations=13 (full 0):
 garbage-first heap   total 122880K, used 63133K [0x0000000080000000, 0x0000000100000000)
  region size 1024K, 20 young (20480K), 2 survivors (2048K)
 Metaspace       used 58408K, capacity 59795K, committed 59948K, reserved 1101824K
  class space    used 7455K, capacity 7968K, committed 8064K, reserved 1048576K
}
Event: 11.152 GC heap after
{Heap after GC invocations=14 (full 0):
 garbage-first heap   total 122880K, used 46112K [0x0000000080000000, 0x0000000100000000)
  region size 1024K, 3 young (3072K), 3 survivors (3072K)
 Metaspace       used 58408K, capacity 59795K, committed 59948K, reserved 1101824K
  class space    used 7455K, capacity 7968K, committed 8064K, reserved 1048576K
}
Event: 12.830 GC heap before
{Heap before GC invocations=15 (full 0):
 garbage-first heap   total 122880K, used 86048K [0x0000000080000000, 0x0000000100000000)
  region size 1024K, 43 young (44032K), 3 survivors (3072K)
 Metaspace       used 62839K, capacity 64295K, committed 64556K, reserved 1105920K
  class space    used 7986K, capacity 8547K, committed 8576K, reserved 1048576K
}
Event: 12.867 GC heap after
{Heap after GC invocations=16 (full 0):
 garbage-first heap   total 122880K, used 49778K [0x0000000080000000, 0x0000000100000000)
  region size 1024K, 6 young (6144K), 6 survivors (6144K)
 Metaspace       used 62839K, capacity 64295K, committed 64556K, reserved 1105920K
  class space    used 7986K, capacity 8547K, committed 8576K, reserved 1048576K
}

Deoptimization events (20 events):
Event: 13.567 Thread 0x000001c3a81f8800 Uncommon trap: trap_request=0xffffff4d fr.pc=0x000001c39845e3b4 relative=0x00000000000001f4
Event: 13.567 Thread 0x000001c3a81f8800 Uncommon trap: reason=unstable_if action=reinterpret pc=0x000001c39845e3b4 method=java.lang.AbstractStringBuilder.isLatin1()Z @ 10 c2
Event: 13.567 Thread 0x000001c3a81f8800 DEOPT PACKING pc=0x000001c39845e3b4 sp=0x00000004a10f6f30
Event: 13.567 Thread 0x000001c3a81f8800 DEOPT UNPACKING pc=0x000001c3909aa1af sp=0x00000004a10f6e70 mode 2
Event: 13.567 Thread 0x000001c3a81f8800 Uncommon trap: trap_request=0xffffff4d fr.pc=0x000001c39865c288 relative=0x0000000000000628
Event: 13.567 Thread 0x000001c3a81f8800 Uncommon trap: reason=unstable_if action=reinterpret pc=0x000001c39865c288 method=java.lang.AbstractStringBuilder.appendChars(Ljava/lang/CharSequence;II)V @ 4 c2
Event: 13.567 Thread 0x000001c3a81f8800 DEOPT PACKING pc=0x000001c39865c288 sp=0x00000004a10f6fc0
Event: 13.567 Thread 0x000001c3a81f8800 DEOPT UNPACKING pc=0x000001c3909aa1af sp=0x00000004a10f6ea8 mode 2
Event: 13.567 Thread 0x000001c3a81f8800 Uncommon trap: trap_request=0xffffff4d fr.pc=0x000001c3984d0b40 relative=0x0000000000000400
Event: 13.567 Thread 0x000001c3a81f8800 Uncommon trap: reason=unstable_if action=reinterpret pc=0x000001c3984d0b40 method=java.lang.StringBuilder.toString()Ljava/lang/String; @ 4 c2
Event: 13.567 Thread 0x000001c3a81f8800 DEOPT PACKING pc=0x000001c3984d0b40 sp=0x00000004a10f7060
Event: 13.567 Thread 0x000001c3a81f8800 DEOPT UNPACKING pc=0x000001c3909aa1af sp=0x00000004a10f7040 mode 2
Event: 13.567 Thread 0x000001c3a81f8800 Uncommon trap: trap_request=0xffffff4d fr.pc=0x000001c398465e4c relative=0x000000000000048c
Event: 13.567 Thread 0x000001c3a81f8800 Uncommon trap: reason=unstable_if action=reinterpret pc=0x000001c398465e4c method=java.lang.AbstractStringBuilder.putStringAt(ILjava/lang/String;)V @ 8 c2
Event: 13.567 Thread 0x000001c3a81f8800 DEOPT PACKING pc=0x000001c398465e4c sp=0x00000004a10f6fb0
Event: 13.567 Thread 0x000001c3a81f8800 DEOPT UNPACKING pc=0x000001c3909aa1af sp=0x00000004a10f6f10 mode 2
Event: 13.567 Thread 0x000001c3a81f8800 Uncommon trap: trap_request=0xffffff4d fr.pc=0x000001c39869eaec relative=0x00000000000000cc
Event: 13.567 Thread 0x000001c3a81f8800 Uncommon trap: reason=unstable_if action=reinterpret pc=0x000001c39869eaec method=java.lang.String.getBytes([BIB)V @ 5 c2
Event: 13.567 Thread 0x000001c3a81f8800 DEOPT PACKING pc=0x000001c39869eaec sp=0x00000004a10f6ec0
Event: 13.567 Thread 0x000001c3a81f8800 DEOPT UNPACKING pc=0x000001c3909aa1af sp=0x00000004a10f6e88 mode 2

Classes redefined (0 events):
No events

Internal exceptions (20 events):
Event: 8.689 Thread 0x000001c3a81f8800 Exception <a 'java/lang/NoSuchMethodError'{0x0000000086d21630}: 'java.lang.Object java.lang.invoke.Invokers$Holder.linkToTargetMethod(java.lang.Object, java.lang.Object, java.lang.Object, int, java.lang.Object)'> (0x0000000086d21630) thrown at [./src/hotspot/share/interpreter/linkResolver.cpp, line 773]
Event: 8.880 Thread 0x000001c3a81f8800 Exception <a 'java/lang/NoSuchMethodError'{0x0000000085e5a858}: 'java.lang.Object java.lang.invoke.DirectMethodHandle$Holder.invokeSpecial(java.lang.Object, java.lang.Object, int, int, java.lang.Object, java.lang.Object, java.lang.Object)'> (0x0000000085e5a858) thrown at [./src/hotspot/share/interpreter/linkResolver.cpp, line 773]
Event: 8.881 Thread 0x000001c3a81f8800 Exception <a 'java/lang/NoSuchMethodError'{0x0000000085e5edd8}: 'java.lang.Object java.lang.invoke.DelegatingMethodHandle$Holder.reinvoke_L(java.lang.Object, int, int, java.lang.Object, java.lang.Object, java.lang.Object)'> (0x0000000085e5edd8) thrown at [./src/hotspot/share/interpreter/linkResolver.cpp, line 773]
Event: 9.560 Thread 0x000001c3a81f8800 Exception <a 'java/lang/NoSuchMethodError'{0x00000000852d15e8}: 'int java.lang.invoke.DirectMethodHandle$Holder.invokeInterface(java.lang.Object, java.lang.Object, java.lang.Object, java.lang.Object)'> (0x00000000852d15e8) thrown at [./src/hotspot/share/interpreter/linkResolver.cpp, line 773]
Event: 10.850 Thread 0x000001c3a81f8800 Exception <a 'java/lang/NoSuchMethodError'{0x0000000086fd8778}: 'void java.lang.invoke.DirectMethodHandle$Holder.invokeInterface(java.lang.Object, java.lang.Object, java.lang.Object, java.lang.Object)'> (0x0000000086fd8778) thrown at [./src/hotspot/share/interpreter/linkResolver.cpp, line 773]
Event: 11.133 Thread 0x000001c3a81f8800 Exception <a 'java/lang/IncompatibleClassChangeError'{0x0000000086663008}: Found class java.lang.Object, but interface was expected> (0x0000000086663008) thrown at [./src/hotspot/share/interpreter/linkResolver.cpp, line 839]
Event: 11.378 Thread 0x000001c3a81f8800 Implicit null exception at 0x000001c3986cd0be to 0x000001c3986ce3cc
Event: 11.636 Thread 0x000001c3a81f8800 Implicit null exception at 0x000001c39867a32d to 0x000001c39867a5c8
Event: 12.007 Thread 0x000001c3a81f8800 Implicit null exception at 0x000001c3985875ac to 0x000001c39858775a
Event: 12.295 Thread 0x000001c3a81f8800 Exception <a 'sun/nio/fs/WindowsException'{0x0000000085fdaab0}> (0x0000000085fdaab0) thrown at [./src/hotspot/share/prims/jni.cpp, line 615]
Event: 12.990 Thread 0x000001c3a81f8800 Exception <a 'java/lang/ClassNotFoundException'{0x0000000087120258}: org/gradle/api/plugins/internal/DefaultBasePluginConventionBeanInfo> (0x0000000087120258) thrown at [./src/hotspot/share/classfile/systemDictionary.cpp, line 231]
Event: 13.006 Thread 0x000001c3a81f8800 Exception <a 'java/lang/ClassNotFoundException'{0x000000008715b8d8}: org/gradle/api/plugins/BasePluginConventionBeanInfo> (0x000000008715b8d8) thrown at [./src/hotspot/share/classfile/systemDictionary.cpp, line 231]
Event: 13.007 Thread 0x000001c3a81f8800 Exception <a 'java/lang/ClassNotFoundException'{0x00000000871973c0}: org/gradle/api/plugins/BasePluginConventionCustomizer> (0x00000000871973c0) thrown at [./src/hotspot/share/classfile/systemDictionary.cpp, line 231]
Event: 13.010 Thread 0x000001c3a81f8800 Exception <a 'java/lang/ClassNotFoundException'{0x00000000871e40e8}: org/gradle/api/plugins/internal/DefaultBasePluginConventionCustomizer> (0x00000000871e40e8) thrown at [./src/hotspot/share/classfile/systemDictionary.cpp, line 231]
Event: 13.017 Thread 0x000001c3a81f8800 Exception <a 'java/lang/ClassNotFoundException'{0x00000000870691d8}: org/gradle/api/plugins/internal/DefaultJavaPluginConventionBeanInfo> (0x00000000870691d8) thrown at [./src/hotspot/share/classfile/systemDictionary.cpp, line 231]
Event: 13.018 Thread 0x000001c3a81f8800 Exception <a 'java/lang/ClassNotFoundException'{0x00000000870a4b00}: org/gradle/api/plugins/JavaPluginConventionBeanInfo> (0x00000000870a4b00) thrown at [./src/hotspot/share/classfile/systemDictionary.cpp, line 231]
Event: 13.020 Thread 0x000001c3a81f8800 Exception <a 'java/lang/ClassNotFoundException'{0x00000000870e0378}: org/gradle/api/plugins/JavaPluginConventionCustomizer> (0x00000000870e0378) thrown at [./src/hotspot/share/classfile/systemDictionary.cpp, line 231]
Event: 13.024 Thread 0x000001c3a81f8800 Exception <a 'java/lang/ClassNotFoundException'{0x0000000086f37190}: org/gradle/api/plugins/internal/DefaultJavaPluginConventionCustomizer> (0x0000000086f37190) thrown at [./src/hotspot/share/classfile/systemDictionary.cpp, line 231]
Event: 13.650 Thread 0x000001c3a81f8800 Exception <a 'java/lang/ClassNotFoundException'{0x0000000085afd040}: build_60yfkbs9aeo83z3urox3uxwbvBeanInfo> (0x0000000085afd040) thrown at [./src/hotspot/share/classfile/systemDictionary.cpp, line 231]
Event: 13.650 Thread 0x000001c3a81f8800 Exception <a 'java/lang/ClassNotFoundException'{0x00000000859089c0}: build_60yfkbs9aeo83z3urox3uxwbvCustomizer> (0x00000000859089c0) thrown at [./src/hotspot/share/classfile/systemDictionary.cpp, line 231]

Events (20 events):
Event: 13.668 loading class com/android/build/gradle/internal/tasks/NewIncrementalTask
Event: 13.668 loading class com/android/build/gradle/internal/tasks/NewIncrementalTask done
Event: 13.669 loading class org/gradle/api/tasks/compile/JavaCompile
Event: 13.669 loading class org/gradle/api/tasks/compile/JavaCompile done
Event: 13.669 loading class com/android/build/gradle/tasks/AidlCompile
Event: 13.669 loading class com/android/build/gradle/tasks/AidlCompile done
Event: 13.670 loading class com/android/build/gradle/internal/tasks/NonIncrementalTask
Event: 13.670 loading class com/android/build/gradle/internal/tasks/NonIncrementalTask done
Event: 13.671 loading class org/gradle/api/file/ConfigurableFileTree
Event: 13.671 loading class org/gradle/api/file/ConfigurableFileTree done
Event: 13.671 loading class com/android/build/gradle/tasks/GenerateBuildConfig
Event: 13.671 loading class com/android/build/gradle/tasks/GenerateBuildConfig done
Event: 13.672 loading class org/gradle/api/tasks/AbstractCopyTask
Event: 13.672 loading class org/gradle/api/tasks/AbstractCopyTask done
Event: 13.672 loading class com/android/build/gradle/tasks/RenderscriptCompile
Event: 13.672 loading class com/android/build/gradle/tasks/RenderscriptCompile done
Event: 13.674 loading class com/android/build/gradle/internal/tasks/NdkTask
Event: 13.674 loading class com/android/build/gradle/internal/tasks/NdkTask done
Event: 13.676 loading class org/gradle/api/plugins/Convention
Event: 13.676 loading class org/gradle/api/plugins/Convention done


Dynamic libraries:
0x00007ff6b9fc0000 - 0x00007ff6b9fca000 	C:\Program Files\Android\Android Studio\jre\bin\java.exe
0x00007ff8cfcd0000 - 0x00007ff8cfec8000 	C:\WINDOWS\SYSTEM32\ntdll.dll
0x00007ff8cddb0000 - 0x00007ff8cde6d000 	C:\WINDOWS\System32\KERNEL32.DLL
0x00007ff8cd450000 - 0x00007ff8cd722000 	C:\WINDOWS\System32\KERNELBASE.dll
0x00007ff8cd870000 - 0x00007ff8cd970000 	C:\WINDOWS\System32\ucrtbase.dll
0x00007ff8b6480000 - 0x00007ff8b6499000 	C:\Program Files\Android\Android Studio\jre\bin\jli.dll
0x00007ff8b6460000 - 0x00007ff8b6477000 	C:\Program Files\Android\Android Studio\jre\bin\VCRUNTIME140.dll
0x00007ff8ce620000 - 0x00007ff8ce7bd000 	C:\WINDOWS\System32\USER32.dll
0x00007ff8cd840000 - 0x00007ff8cd862000 	C:\WINDOWS\System32\win32u.dll
0x00007ff89cc10000 - 0x00007ff89ceaa000 	C:\WINDOWS\WinSxS\amd64_microsoft.windows.common-controls_6595b64144ccf1df_6.0.19041.1110_none_60b5254171f9507e\COMCTL32.dll
0x00007ff8ce940000 - 0x00007ff8ce96b000 	C:\WINDOWS\System32\GDI32.dll
0x00007ff8ce0a0000 - 0x00007ff8ce13e000 	C:\WINDOWS\System32\msvcrt.dll
0x00007ff8cd730000 - 0x00007ff8cd83f000 	C:\WINDOWS\System32\gdi32full.dll
0x00007ff8cdad0000 - 0x00007ff8cdb6d000 	C:\WINDOWS\System32\msvcp_win.dll
0x00007ff8cf2a0000 - 0x00007ff8cf2d0000 	C:\WINDOWS\System32\IMM32.DLL
0x00007ff8b63c0000 - 0x00007ff8b645d000 	C:\Program Files\Android\Android Studio\jre\bin\msvcp140.dll
0x00007ff843620000 - 0x00007ff844105000 	C:\Program Files\Android\Android Studio\jre\bin\server\jvm.dll
0x00007ff8ce890000 - 0x00007ff8ce93e000 	C:\WINDOWS\System32\ADVAPI32.dll
0x00007ff8cde70000 - 0x00007ff8cdf0c000 	C:\WINDOWS\System32\sechost.dll
0x00007ff8cef60000 - 0x00007ff8cf085000 	C:\WINDOWS\System32\RPCRT4.dll
0x00007ff8ce170000 - 0x00007ff8ce178000 	C:\WINDOWS\System32\PSAPI.DLL
0x00007ff8c66f0000 - 0x00007ff8c66fa000 	C:\WINDOWS\SYSTEM32\VERSION.dll
0x00007ff8c3a50000 - 0x00007ff8c3a77000 	C:\WINDOWS\SYSTEM32\WINMM.dll
0x00007ff8c8b70000 - 0x00007ff8c8b79000 	C:\WINDOWS\SYSTEM32\WSOCK32.dll
0x00007ff8ce7c0000 - 0x00007ff8ce82b000 	C:\WINDOWS\System32\ws2_32.DLL
0x00007ff8cb2a0000 - 0x00007ff8cb2b2000 	C:\WINDOWS\SYSTEM32\kernel.appcore.dll
0x00007ff8c02d0000 - 0x00007ff8c02e1000 	C:\Program Files\Android\Android Studio\jre\bin\verify.dll
0x00007ff8bda20000 - 0x00007ff8bdc04000 	C:\WINDOWS\SYSTEM32\DBGHELP.DLL
0x00007ff8b21f0000 - 0x00007ff8b221c000 	C:\WINDOWS\SYSTEM32\dbgcore.DLL
0x00007ff8cdb70000 - 0x00007ff8cdbf2000 	C:\WINDOWS\System32\bcryptPrimitives.dll
0x00007ff8ba110000 - 0x00007ff8ba139000 	C:\Program Files\Android\Android Studio\jre\bin\java.dll
0x00007ff8c92d0000 - 0x00007ff8c92db000 	C:\Program Files\Android\Android Studio\jre\bin\jimage.dll
0x00007ff8bbba0000 - 0x00007ff8bbbb8000 	C:\Program Files\Android\Android Studio\jre\bin\zip.dll
0x00007ff8cf2d0000 - 0x00007ff8cfa13000 	C:\WINDOWS\System32\SHELL32.dll
0x00007ff8cb4a0000 - 0x00007ff8cbc31000 	C:\WINDOWS\SYSTEM32\windows.storage.dll
0x00007ff8ce2b0000 - 0x00007ff8ce604000 	C:\WINDOWS\System32\combase.dll
0x00007ff8ccd60000 - 0x00007ff8ccd90000 	C:\WINDOWS\SYSTEM32\Wldp.dll
0x00007ff8cdff0000 - 0x00007ff8ce09d000 	C:\WINDOWS\System32\SHCORE.dll
0x00007ff8ce830000 - 0x00007ff8ce885000 	C:\WINDOWS\System32\shlwapi.dll
0x00007ff8cd320000 - 0x00007ff8cd33f000 	C:\WINDOWS\SYSTEM32\profapi.dll
0x00007ff8b9d40000 - 0x00007ff8b9d5a000 	C:\Program Files\Android\Android Studio\jre\bin\net.dll
0x00007ff8c5210000 - 0x00007ff8c531d000 	C:\WINDOWS\SYSTEM32\WINHTTP.dll
0x00007ff8ccac0000 - 0x00007ff8ccb2a000 	C:\WINDOWS\system32\mswsock.dll
0x00007ff8b9d20000 - 0x00007ff8b9d34000 	C:\Program Files\Android\Android Studio\jre\bin\nio.dll
0x00007ff8b8460000 - 0x00007ff8b8487000 	C:\Users\ADMIN\.gradle\native\e1d6ef7f7dcc3fd88c89a11ec53ec762bb8ba0a96d01ffa2cd45eb1d1d8dd5c5\windows-amd64\native-platform.dll
0x00007ff8b3be0000 - 0x00007ff8b3d24000 	C:\Users\ADMIN\.gradle\native\5664cfc778a61ccfe75a443a1ab52a65af34e5dc3c78e0209fed803814484fcb\windows-amd64\native-platform-file-events.dll
0x00007ff8c7f20000 - 0x00007ff8c7f2a000 	C:\Program Files\Android\Android Studio\jre\bin\management.dll
0x00007ff8c7520000 - 0x00007ff8c752d000 	C:\Program Files\Android\Android Studio\jre\bin\management_ext.dll
0x00007ff8cccc0000 - 0x00007ff8cccd8000 	C:\WINDOWS\SYSTEM32\CRYPTSP.dll
0x00007ff8cc3e0000 - 0x00007ff8cc414000 	C:\WINDOWS\system32\rsaenh.dll
0x00007ff8cdd00000 - 0x00007ff8cdd27000 	C:\WINDOWS\System32\bcrypt.dll
0x00007ff8cd2e0000 - 0x00007ff8cd30e000 	C:\WINDOWS\SYSTEM32\USERENV.dll
0x00007ff8cccb0000 - 0x00007ff8cccbc000 	C:\WINDOWS\SYSTEM32\CRYPTBASE.dll
0x00007ff8cc7b0000 - 0x00007ff8cc7eb000 	C:\WINDOWS\SYSTEM32\IPHLPAPI.DLL
0x00007ff8ce610000 - 0x00007ff8ce618000 	C:\WINDOWS\System32\NSI.dll
0x00007ff8c77d0000 - 0x00007ff8c77e7000 	C:\WINDOWS\SYSTEM32\dhcpcsvc6.DLL
0x00007ff8c77b0000 - 0x00007ff8c77cd000 	C:\WINDOWS\SYSTEM32\dhcpcsvc.DLL
0x00007ff8cc7f0000 - 0x00007ff8cc8ba000 	C:\WINDOWS\SYSTEM32\DNSAPI.dll

dbghelp: loaded successfully - version: 4.0.5 - missing functions: none
symbol engine: initialized successfully - sym options: 0x614 - pdb path: .;C:\Program Files\Android\Android Studio\jre\bin;C:\WINDOWS\SYSTEM32;C:\WINDOWS\WinSxS\amd64_microsoft.windows.common-controls_6595b64144ccf1df_6.0.19041.1110_none_60b5254171f9507e;C:\Program Files\Android\Android Studio\jre\bin\server;C:\Users\ADMIN\.gradle\native\e1d6ef7f7dcc3fd88c89a11ec53ec762bb8ba0a96d01ffa2cd45eb1d1d8dd5c5\windows-amd64;C:\Users\ADMIN\.gradle\native\5664cfc778a61ccfe75a443a1ab52a65af34e5dc3c78e0209fed803814484fcb\windows-amd64

VM Arguments:
jvm_args: --add-opens=java.base/java.util=ALL-UNNAMED --add-opens=java.base/java.lang=ALL-UNNAMED --add-opens=java.base/java.lang.invoke=ALL-UNNAMED --add-opens=java.base/java.util=ALL-UNNAMED --add-opens=java.prefs/java.util.prefs=ALL-UNNAMED --add-opens=java.prefs/java.util.prefs=ALL-UNNAMED --add-opens=java.base/java.nio.charset=ALL-UNNAMED --add-opens=java.base/java.net=ALL-UNNAMED --add-opens=java.base/java.util.concurrent.atomic=ALL-UNNAMED -Xmx2048m -Dfile.encoding=UTF-8 -Duser.country=US -Duser.language=en -Duser.variant 
java_command: org.gradle.launcher.daemon.bootstrap.GradleDaemon 7.3.3
java_class_path (initial): C:\Users\ADMIN\.gradle\wrapper\dists\gradle-7.3.3-bin\6a41zxkdtcxs8rphpq6y0069z\gradle-7.3.3\lib\gradle-launcher-7.3.3.jar
Launcher Type: SUN_STANDARD

[Global flags]
     intx CICompilerCount                          = 4                                         {product} {ergonomic}
     uint ConcGCThreads                            = 3                                         {product} {ergonomic}
     uint G1ConcRefinementThreads                  = 10                                        {product} {ergonomic}
   size_t G1HeapRegionSize                         = 1048576                                   {product} {ergonomic}
    uintx GCDrainStackTargetSize                   = 64                                        {product} {ergonomic}
   size_t InitialHeapSize                          = 125829120                                 {product} {ergonomic}
   size_t MarkStackSize                            = 4194304                                   {product} {ergonomic}
   size_t MaxHeapSize                              = 2147483648                                {product} {command line}
   size_t MaxNewSize                               = 1287651328                                {product} {ergonomic}
   size_t MinHeapDeltaBytes                        = 1048576                                   {product} {ergonomic}
    uintx NonNMethodCodeHeapSize                   = 5836300                                {pd product} {ergonomic}
    uintx NonProfiledCodeHeapSize                  = 122910970                              {pd product} {ergonomic}
    uintx ProfiledCodeHeapSize                     = 122910970                              {pd product} {ergonomic}
    uintx ReservedCodeCacheSize                    = 251658240                              {pd product} {ergonomic}
     bool SegmentedCodeCache                       = true                                      {product} {ergonomic}
     bool UseCompressedClassPointers               = true                                 {lp64_product} {ergonomic}
     bool UseCompressedOops                        = true                                 {lp64_product} {ergonomic}
     bool UseG1GC                                  = true                                      {product} {ergonomic}
     bool UseLargePagesIndividualAllocation        = false                                  {pd product} {ergonomic}

Logging:
Log output configuration:
 #0: stdout all=warning uptime,level,tags
 #1: stderr all=off uptime,level,tags

Environment Variables:
JAVA_HOME=C:\Program Files\Java\jdk-16.0.2
PATH=C:\Program Files (x86)\Common Files\Intel\Shared Files\cpp\bin\Intel64;C:\Program Files (x86)\VMware\VMware Workstation\bin\;C:\Program Files\Common Files\Oracle\Java\javapath;C:\WINDOWS\system32;C:\WINDOWS;C:\WINDOWS\System32\Wbem;C:\WINDOWS\System32\WindowsPowerShell\v1.0\;C:\WINDOWS\System32\OpenSSH\;C:\Program Files\Microsoft SQL Server\Client SDK\ODBC\170\Tools\Binn\;C:\Program Files (x86)\Microsoft SQL Server\150\Tools\Binn\;C:\Program Files\Microsoft SQL Server\150\Tools\Binn\;C:\Program Files\Microsoft SQL Server\150\DTS\Binn\;C:\Program Files\Azure Data Studio\bin;C:\Program Files\Java\jdk-16.0.2\bin;D:\Java Netbeans\tools\gradle-7.2\bin;C:\Program Files\Git\cmd;C:\Program Files (x86)\QuickTime\QTSystem\;C:\Program Files\dotnet\;C:\Program Files (x86)\dotnet\;C:\Program Files (x86)\Microsoft SQL Server\150\DTS\Binn\;C:\Program Files\Microsoft SQL Server\130\Tools\Binn\;C:\Users\ADMIN\miniconda3;C:\Users\ADMIN\miniconda3\Library\mingw-w64\bin;C:\Users\ADMIN\miniconda3\Library\usr\bin;C:\Users\ADMIN\miniconda3\Library\bin;C:\Users\ADMIN\miniconda3\Scripts;C:\Users\ADMIN\AppData\Local\Microsoft\WindowsApps;C:\Users\ADMIN\AppData\Local\Programs\Microsoft VS Code\bin;C:\Program Files\Azure Data Studio\bin;C:\Users\ADMIN\.dotnet\tools
USERNAME=ADMIN
OS=Windows_NT
PROCESSOR_IDENTIFIER=AMD64 Family 23 Model 96 Stepping 1, AuthenticAMD



---------------  S Y S T E M  ---------------

OS: Windows 10 , 64 bit Build 19041 (10.0.19041.1889)
OS uptime: 0 days 3:06 hours

CPU:total 12 (initial active 12) (12 cores per cpu, 2 threads per core) family 23 model 96 stepping 1 microcode 0x0, cmov, cx8, fxsr, mmx, sse, sse2, sse3, ssse3, sse4.1, sse4.2, popcnt, avx, avx2, aes, clmul, mmxext, 3dnowpref, lzcnt, sse4a, ht, tsc, tscinvbit, tscinv, bmi1, bmi2, adx, sha, fma

Memory: 4k page, system-wide physical 7575M (104M free)
TotalPageFile size 19054M (AvailPageFile size 4M)
current process WorkingSet (physical memory assigned to process): 172M, peak: 275M
current process commit charge ("private bytes"): 362M, peak: 386M

vm_info: OpenJDK 64-Bit Server VM (11.0.12+7-b1504.28-7817840) for windows-amd64 JRE (11.0.12+7-b1504.28-7817840), built on Oct 13 2021 22:12:33 by "builder" with MS VC++ 14.0 (VS2015)

END.
